{"/var/www/html/ocelotl_container/nodecfdi/credentials/src/Certificate.ts": {"path":"/var/www/html/ocelotl_container/nodecfdi/credentials/src/Certificate.ts","statementMap":{"0":{"start":{"line":1,"column":0},"end":{"line":1,"column":62}},"1":{"start":{"line":2,"column":0},"end":{"line":2,"column":33}},"2":{"start":{"line":3,"column":0},"end":{"line":3,"column":37}},"3":{"start":{"line":4,"column":0},"end":{"line":4,"column":49}},"4":{"start":{"line":5,"column":0},"end":{"line":5,"column":57}},"5":{"start":{"line":6,"column":0},"end":{"line":6,"column":53}},"6":{"start":{"line":7,"column":0},"end":{"line":7,"column":46}},"7":{"start":{"line":8,"column":0},"end":{"line":8,"column":40}},"8":{"start":{"line":9,"column":0},"end":{"line":9,"column":46}},"9":{"start":{"line":31,"column":4},"end":{"line":33,"column":null}},"10":{"start":{"line":32,"column":6},"end":{"line":32,"column":64}},"11":{"start":{"line":34,"column":14},"end":{"line":34,"column":61}},"12":{"start":{"line":35,"column":4},"end":{"line":37,"column":null}},"13":{"start":{"line":36,"column":6},"end":{"line":36,"column":50}},"14":{"start":{"line":38,"column":14},"end":{"line":38,"column":24}},"15":{"start":{"line":39,"column":4},"end":{"line":43,"column":null}},"16":{"start":{"line":40,"column":6},"end":{"line":40,"column":25}},"17":{"start":{"line":42,"column":6},"end":{"line":42,"column":69}},"18":{"start":{"line":44,"column":4},"end":{"line":44,"column":22}},"19":{"start":{"line":45,"column":4},"end":{"line":45,"column":85}},"20":{"start":{"line":46,"column":4},"end":{"line":46,"column":55}},"21":{"start":{"line":47,"column":4},"end":{"line":47,"column":53}},"22":{"start":{"line":51,"column":16},"end":{"line":53,"column":6}},"23":{"start":{"line":52,"column":6},"end":{"line":52,"column":50}},"24":{"start":{"line":52,"column":29},"end":{"line":52,"column":48}},"25":{"start":{"line":54,"column":4},"end":{"line":56,"column":null}},"26":{"start":{"line":55,"column":6},"end":{"line":55,"column":58}},"27":{"start":{"line":55,"column":31},"end":{"line":55,"column":50}},"28":{"start":{"line":57,"column":4},"end":{"line":57,"column":14}},"29":{"start":{"line":61,"column":31},"end":{"line":61,"column":50}},"30":{"start":{"line":62,"column":4},"end":{"line":64,"column":27}},"31":{"start":{"line":68,"column":4},"end":{"line":68,"column":66}},"32":{"start":{"line":72,"column":4},"end":{"line":72,"column":23}},"33":{"start":{"line":76,"column":16},"end":{"line":76,"column":38}},"34":{"start":{"line":77,"column":21},"end":{"line":77,"column":61}},"35":{"start":{"line":77,"column":39},"end":{"line":77,"column":60}},"36":{"start":{"line":78,"column":4},"end":{"line":78,"column":29}},"37":{"start":{"line":82,"column":4},"end":{"line":82,"column":21}},"38":{"start":{"line":86,"column":4},"end":{"line":86,"column":23}},"39":{"start":{"line":90,"column":4},"end":{"line":90,"column":29}},"40":{"start":{"line":94,"column":4},"end":{"line":94,"column":34}},"41":{"start":{"line":102,"column":4},"end":{"line":102,"column":64}},"42":{"start":{"line":106,"column":4},"end":{"line":106,"column":58}},"43":{"start":{"line":110,"column":4},"end":{"line":110,"column":63}},"44":{"start":{"line":114,"column":4},"end":{"line":114,"column":57}},"45":{"start":{"line":118,"column":4},"end":{"line":118,"column":41}},"46":{"start":{"line":122,"column":4},"end":{"line":125,"column":null}},"47":{"start":{"line":123,"column":24},"end":{"line":123,"column":52}},"48":{"start":{"line":124,"column":6},"end":{"line":124,"column":119}},"49":{"start":{"line":126,"column":4},"end":{"line":126,"column":32}},"50":{"start":{"line":130,"column":4},"end":{"line":130,"column":43}},"51":{"start":{"line":134,"column":4},"end":{"line":134,"column":42}},"52":{"start":{"line":138,"column":4},"end":{"line":138,"column":61}},"53":{"start":{"line":142,"column":4},"end":{"line":142,"column":59}},"54":{"start":{"line":146,"column":4},"end":{"line":149,"column":null}},"55":{"start":{"line":148,"column":6},"end":{"line":148,"column":73}},"56":{"start":{"line":150,"column":4},"end":{"line":150,"column":29}},"57":{"start":{"line":155,"column":4},"end":{"line":157,"column":null}},"58":{"start":{"line":156,"column":6},"end":{"line":156,"column":30}},"59":{"start":{"line":158,"column":4},"end":{"line":158,"column":27}},"60":{"start":{"line":162,"column":4},"end":{"line":164,"column":null}},"61":{"start":{"line":163,"column":6},"end":{"line":163,"column":32}},"62":{"start":{"line":165,"column":4},"end":{"line":168,"column":6}},"63":{"start":{"line":172,"column":4},"end":{"line":174,"column":null}},"64":{"start":{"line":173,"column":6},"end":{"line":173,"column":61}},"65":{"start":{"line":175,"column":4},"end":{"line":181,"column":null}},"66":{"start":{"line":177,"column":6},"end":{"line":179,"column":null}},"67":{"start":{"line":178,"column":8},"end":{"line":178,"column":68}},"68":{"start":{"line":180,"column":6},"end":{"line":180,"column":53}},"69":{"start":{"line":182,"column":4},"end":{"line":182,"column":68}},"70":{"start":{"line":22,"column":33},"end":{"line":22,"column":null}},"71":{"start":{"line":21,"column":0},"end":{"line":21,"column":13}}},"fnMap":{"0":{"name":"(anonymous_2)","decl":{"start":{"line":30,"column":2},"end":{"line":30,"column":14}},"loc":{"start":{"line":30,"column":30},"end":{"line":48,"column":3}}},"1":{"name":"(anonymous_3)","decl":{"start":{"line":50,"column":10},"end":{"line":50,"column":30}},"loc":{"start":{"line":50,"column":74},"end":{"line":58,"column":3}}},"2":{"name":"(anonymous_4)","decl":{"start":{"line":51,"column":34},"end":{"line":51,"column":35}},"loc":{"start":{"line":51,"column":40},"end":{"line":53,"column":5}}},"3":{"name":"(anonymous_5)","decl":{"start":{"line":52,"column":20},"end":{"line":52,"column":21}},"loc":{"start":{"line":52,"column":29},"end":{"line":52,"column":48}}},"4":{"name":"(anonymous_6)","decl":{"start":{"line":55,"column":22},"end":{"line":55,"column":23}},"loc":{"start":{"line":55,"column":31},"end":{"line":55,"column":50}}},"5":{"name":"(anonymous_7)","decl":{"start":{"line":60,"column":9},"end":{"line":60,"column":15}},"loc":{"start":{"line":60,"column":48},"end":{"line":65,"column":3}}},"6":{"name":"(anonymous_8)","decl":{"start":{"line":67,"column":9},"end":{"line":67,"column":15}},"loc":{"start":{"line":67,"column":41},"end":{"line":69,"column":3}}},"7":{"name":"(anonymous_9)","decl":{"start":{"line":71,"column":9},"end":{"line":71,"column":12}},"loc":{"start":{"line":71,"column":12},"end":{"line":73,"column":3}}},"8":{"name":"(anonymous_10)","decl":{"start":{"line":75,"column":9},"end":{"line":75,"column":21}},"loc":{"start":{"line":75,"column":21},"end":{"line":79,"column":3}}},"9":{"name":"(anonymous_11)","decl":{"start":{"line":77,"column":32},"end":{"line":77,"column":33}},"loc":{"start":{"line":77,"column":39},"end":{"line":77,"column":60}}},"10":{"name":"(anonymous_12)","decl":{"start":{"line":81,"column":9},"end":{"line":81,"column":15}},"loc":{"start":{"line":81,"column":15},"end":{"line":83,"column":3}}},"11":{"name":"(anonymous_13)","decl":{"start":{"line":85,"column":9},"end":{"line":85,"column":12}},"loc":{"start":{"line":85,"column":12},"end":{"line":87,"column":3}}},"12":{"name":"(anonymous_14)","decl":{"start":{"line":89,"column":9},"end":{"line":89,"column":18}},"loc":{"start":{"line":89,"column":18},"end":{"line":91,"column":3}}},"13":{"name":"(anonymous_15)","decl":{"start":{"line":93,"column":9},"end":{"line":93,"column":19}},"loc":{"start":{"line":93,"column":19},"end":{"line":95,"column":3}}},"14":{"name":"(anonymous_16)","decl":{"start":{"line":101,"column":9},"end":{"line":101,"column":16}},"loc":{"start":{"line":101,"column":16},"end":{"line":103,"column":3}}},"15":{"name":"(anonymous_17)","decl":{"start":{"line":105,"column":9},"end":{"line":105,"column":20}},"loc":{"start":{"line":105,"column":32},"end":{"line":107,"column":3}}},"16":{"name":"(anonymous_18)","decl":{"start":{"line":109,"column":9},"end":{"line":109,"column":15}},"loc":{"start":{"line":109,"column":15},"end":{"line":111,"column":3}}},"17":{"name":"(anonymous_19)","decl":{"start":{"line":113,"column":9},"end":{"line":113,"column":19}},"loc":{"start":{"line":113,"column":31},"end":{"line":115,"column":3}}},"18":{"name":"(anonymous_20)","decl":{"start":{"line":117,"column":9},"end":{"line":117,"column":16}},"loc":{"start":{"line":117,"column":16},"end":{"line":119,"column":3}}},"19":{"name":"(anonymous_21)","decl":{"start":{"line":121,"column":9},"end":{"line":121,"column":21}},"loc":{"start":{"line":121,"column":21},"end":{"line":127,"column":3}}},"20":{"name":"(anonymous_22)","decl":{"start":{"line":129,"column":9},"end":{"line":129,"column":18}},"loc":{"start":{"line":129,"column":18},"end":{"line":131,"column":3}}},"21":{"name":"(anonymous_23)","decl":{"start":{"line":133,"column":9},"end":{"line":133,"column":16}},"loc":{"start":{"line":133,"column":16},"end":{"line":135,"column":3}}},"22":{"name":"(anonymous_24)","decl":{"start":{"line":137,"column":9},"end":{"line":137,"column":26}},"loc":{"start":{"line":137,"column":26},"end":{"line":139,"column":3}}},"23":{"name":"(anonymous_25)","decl":{"start":{"line":141,"column":9},"end":{"line":141,"column":24}},"loc":{"start":{"line":141,"column":24},"end":{"line":143,"column":3}}},"24":{"name":"(anonymous_26)","decl":{"start":{"line":145,"column":9},"end":{"line":145,"column":18}},"loc":{"start":{"line":145,"column":18},"end":{"line":151,"column":3}}},"25":{"name":"(anonymous_27)","decl":{"start":{"line":153,"column":9},"end":{"line":153,"column":16}},"loc":{"start":{"line":153,"column":16},"end":{"line":159,"column":3}}},"26":{"name":"(anonymous_28)","decl":{"start":{"line":161,"column":9},"end":{"line":161,"column":16}},"loc":{"start":{"line":161,"column":49},"end":{"line":169,"column":3}}},"27":{"name":"(anonymous_29)","decl":{"start":{"line":171,"column":12},"end":{"line":171,"column":30}},"loc":{"start":{"line":171,"column":67},"end":{"line":183,"column":3}}}},"branchMap":{"0":{"loc":{"start":{"line":31,"column":4},"end":{"line":33,"column":null}},"type":"if","locations":[{"start":{"line":31,"column":4},"end":{"line":33,"column":null}},{"start":{"line":31,"column":4},"end":{"line":33,"column":null}}]},"1":{"loc":{"start":{"line":35,"column":4},"end":{"line":37,"column":null}},"type":"if","locations":[{"start":{"line":35,"column":4},"end":{"line":37,"column":null}},{"start":{"line":35,"column":4},"end":{"line":37,"column":null}}]},"2":{"loc":{"start":{"line":54,"column":4},"end":{"line":56,"column":null}},"type":"if","locations":[{"start":{"line":54,"column":4},"end":{"line":56,"column":null}},{"start":{"line":54,"column":4},"end":{"line":56,"column":null}}]},"3":{"loc":{"start":{"line":122,"column":4},"end":{"line":125,"column":null}},"type":"if","locations":[{"start":{"line":122,"column":4},"end":{"line":125,"column":null}},{"start":{"line":122,"column":4},"end":{"line":125,"column":null}}]},"4":{"loc":{"start":{"line":124,"column":54},"end":{"line":124,"column":78}},"type":"binary-expr","locations":[{"start":{"line":124,"column":54},"end":{"line":124,"column":78}},{"start":{"line":124,"column":82},"end":{"line":124,"column":84}}]},"5":{"loc":{"start":{"line":124,"column":87},"end":{"line":124,"column":111}},"type":"binary-expr","locations":[{"start":{"line":124,"column":87},"end":{"line":124,"column":111}},{"start":{"line":124,"column":115},"end":{"line":124,"column":117}}]},"6":{"loc":{"start":{"line":146,"column":4},"end":{"line":149,"column":null}},"type":"if","locations":[{"start":{"line":146,"column":4},"end":{"line":149,"column":null}},{"start":{"line":146,"column":4},"end":{"line":149,"column":null}}]},"7":{"loc":{"start":{"line":155,"column":4},"end":{"line":157,"column":null}},"type":"if","locations":[{"start":{"line":155,"column":4},"end":{"line":157,"column":null}},{"start":{"line":155,"column":4},"end":{"line":157,"column":null}}]},"8":{"loc":{"start":{"line":161,"column":45},"end":{"line":161,"column":49}},"type":"default-arg","locations":[{"start":{"line":161,"column":45},"end":{"line":161,"column":49}}]},"9":{"loc":{"start":{"line":162,"column":4},"end":{"line":164,"column":null}},"type":"if","locations":[{"start":{"line":162,"column":4},"end":{"line":164,"column":null}},{"start":{"line":162,"column":4},"end":{"line":164,"column":null}}]},"10":{"loc":{"start":{"line":166,"column":6},"end":{"line":166,"column":64}},"type":"binary-expr","locations":[{"start":{"line":166,"column":6},"end":{"line":166,"column":64}},{"start":{"line":167,"column":6},"end":{"line":167,"column":62}}]},"11":{"loc":{"start":{"line":172,"column":4},"end":{"line":174,"column":null}},"type":"if","locations":[{"start":{"line":172,"column":4},"end":{"line":174,"column":null}},{"start":{"line":172,"column":4},"end":{"line":174,"column":null}}]},"12":{"loc":{"start":{"line":175,"column":4},"end":{"line":181,"column":null}},"type":"if","locations":[{"start":{"line":175,"column":4},"end":{"line":181,"column":null}},{"start":{"line":175,"column":4},"end":{"line":181,"column":null}}]},"13":{"loc":{"start":{"line":177,"column":6},"end":{"line":179,"column":null}},"type":"if","locations":[{"start":{"line":177,"column":6},"end":{"line":179,"column":null}},{"start":{"line":177,"column":6},"end":{"line":179,"column":null}}]}},"s":{"0":4,"1":4,"2":4,"3":4,"4":4,"5":4,"6":4,"7":4,"8":4,"9":24,"10":1,"11":23,"12":23,"13":22,"14":23,"15":23,"16":23,"17":1,"18":22,"19":22,"20":22,"21":22,"22":51,"23":215,"24":215,"25":51,"26":48,"27":48,"28":3,"29":22,"30":22,"31":7,"32":8,"33":0,"34":0,"35":0,"36":0,"37":0,"38":1,"39":1,"40":6,"41":50,"42":50,"43":1,"44":1,"45":1,"46":4,"47":3,"48":3,"49":4,"50":7,"51":7,"52":6,"53":6,"54":4,"55":3,"56":4,"57":6,"58":3,"59":3,"60":5,"61":1,"62":5,"63":3,"64":3,"65":0,"66":0,"67":0,"68":0,"69":0,"70":4,"71":4},"f":{"0":24,"1":51,"2":215,"3":215,"4":48,"5":22,"6":7,"7":8,"8":0,"9":0,"10":0,"11":1,"12":1,"13":6,"14":50,"15":50,"16":1,"17":1,"18":1,"19":4,"20":7,"21":7,"22":6,"23":6,"24":4,"25":6,"26":5,"27":3},"b":{"0":[1,23],"1":[22,1],"2":[48,3],"3":[3,1],"4":[3,0],"5":[3,3],"6":[3,1],"7":[3,3],"8":[1],"9":[1,4],"10":[5,4],"11":[3,0],"12":[0,0],"13":[0,0]}}
,"/var/www/html/ocelotl_container/nodecfdi/credentials/src/Credential.ts": {"path":"/var/www/html/ocelotl_container/nodecfdi/credentials/src/Credential.ts","statementMap":{"0":{"start":{"line":1,"column":0},"end":{"line":1,"column":44}},"1":{"start":{"line":2,"column":0},"end":{"line":2,"column":61}},"2":{"start":{"line":3,"column":0},"end":{"line":3,"column":53}},"3":{"start":{"line":4,"column":0},"end":{"line":4,"column":42}},"4":{"start":{"line":11,"column":4},"end":{"line":13,"column":null}},"5":{"start":{"line":12,"column":6},"end":{"line":12,"column":68}},"6":{"start":{"line":14,"column":4},"end":{"line":14,"column":36}},"7":{"start":{"line":15,"column":4},"end":{"line":15,"column":34}},"8":{"start":{"line":19,"column":24},"end":{"line":19,"column":60}},"9":{"start":{"line":20,"column":23},"end":{"line":20,"column":69}},"10":{"start":{"line":21,"column":4},"end":{"line":21,"column":51}},"11":{"start":{"line":25,"column":24},"end":{"line":25,"column":61}},"12":{"start":{"line":26,"column":23},"end":{"line":26,"column":70}},"13":{"start":{"line":27,"column":4},"end":{"line":27,"column":51}},"14":{"start":{"line":31,"column":4},"end":{"line":31,"column":29}},"15":{"start":{"line":35,"column":4},"end":{"line":35,"column":28}},"16":{"start":{"line":39,"column":4},"end":{"line":39,"column":36}},"17":{"start":{"line":43,"column":4},"end":{"line":43,"column":42}},"18":{"start":{"line":47,"column":4},"end":{"line":47,"column":61}},"19":{"start":{"line":51,"column":4},"end":{"line":51,"column":60}},"20":{"start":{"line":55,"column":4},"end":{"line":55,"column":51}},"21":{"start":{"line":59,"column":4},"end":{"line":59,"column":77}},"22":{"start":{"line":6,"column":0},"end":{"line":6,"column":13}}},"fnMap":{"0":{"name":"(anonymous_0)","decl":{"start":{"line":10,"column":2},"end":{"line":10,"column":14}},"loc":{"start":{"line":10,"column":62},"end":{"line":16,"column":3}}},"1":{"name":"(anonymous_1)","decl":{"start":{"line":18,"column":9},"end":{"line":18,"column":15}},"loc":{"start":{"line":18,"column":98},"end":{"line":22,"column":3}}},"2":{"name":"(anonymous_2)","decl":{"start":{"line":24,"column":9},"end":{"line":24,"column":15}},"loc":{"start":{"line":24,"column":93},"end":{"line":28,"column":3}}},"3":{"name":"(anonymous_3)","decl":{"start":{"line":30,"column":9},"end":{"line":30,"column":20}},"loc":{"start":{"line":30,"column":20},"end":{"line":32,"column":3}}},"4":{"name":"(anonymous_4)","decl":{"start":{"line":34,"column":9},"end":{"line":34,"column":19}},"loc":{"start":{"line":34,"column":19},"end":{"line":36,"column":3}}},"5":{"name":"(anonymous_5)","decl":{"start":{"line":38,"column":9},"end":{"line":38,"column":12}},"loc":{"start":{"line":38,"column":12},"end":{"line":40,"column":3}}},"6":{"name":"(anonymous_6)","decl":{"start":{"line":42,"column":9},"end":{"line":42,"column":18}},"loc":{"start":{"line":42,"column":18},"end":{"line":44,"column":3}}},"7":{"name":"(anonymous_7)","decl":{"start":{"line":46,"column":9},"end":{"line":46,"column":15}},"loc":{"start":{"line":46,"column":15},"end":{"line":48,"column":3}}},"8":{"name":"(anonymous_8)","decl":{"start":{"line":50,"column":9},"end":{"line":50,"column":14}},"loc":{"start":{"line":50,"column":14},"end":{"line":52,"column":3}}},"9":{"name":"(anonymous_9)","decl":{"start":{"line":54,"column":9},"end":{"line":54,"column":13}},"loc":{"start":{"line":54,"column":62},"end":{"line":56,"column":3}}},"10":{"name":"(anonymous_10)","decl":{"start":{"line":58,"column":9},"end":{"line":58,"column":15}},"loc":{"start":{"line":58,"column":83},"end":{"line":60,"column":3}}}},"branchMap":{"0":{"loc":{"start":{"line":11,"column":4},"end":{"line":13,"column":null}},"type":"if","locations":[{"start":{"line":11,"column":4},"end":{"line":13,"column":null}},{"start":{"line":11,"column":4},"end":{"line":13,"column":null}}]},"1":{"loc":{"start":{"line":54,"column":40},"end":{"line":54,"column":62}},"type":"default-arg","locations":[{"start":{"line":54,"column":40},"end":{"line":54,"column":62}}]},"2":{"loc":{"start":{"line":58,"column":61},"end":{"line":58,"column":83}},"type":"default-arg","locations":[{"start":{"line":58,"column":61},"end":{"line":58,"column":83}}]}},"s":{"0":1,"1":1,"2":1,"3":1,"4":5,"5":1,"6":4,"7":4,"8":1,"9":1,"10":1,"11":2,"12":2,"13":2,"14":6,"15":2,"16":0,"17":0,"18":3,"19":1,"20":1,"21":1,"22":1},"f":{"0":5,"1":1,"2":2,"3":6,"4":2,"5":0,"6":0,"7":3,"8":1,"9":1,"10":1},"b":{"0":[1,4],"1":[1],"2":[1]}}
,"/var/www/html/ocelotl_container/nodecfdi/credentials/src/PemExtractor.ts": {"path":"/var/www/html/ocelotl_container/nodecfdi/credentials/src/PemExtractor.ts","statementMap":{"0":{"start":{"line":5,"column":4},"end":{"line":5,"column":29}},"1":{"start":{"line":9,"column":4},"end":{"line":9,"column":25}},"2":{"start":{"line":13,"column":4},"end":{"line":13,"column":45}},"3":{"start":{"line":17,"column":4},"end":{"line":17,"column":44}},"4":{"start":{"line":23,"column":20},"end":{"line":23,"column":53}},"5":{"start":{"line":24,"column":4},"end":{"line":26,"column":null}},"6":{"start":{"line":25,"column":6},"end":{"line":25,"column":23}},"7":{"start":{"line":28,"column":4},"end":{"line":28,"column":54}},"8":{"start":{"line":29,"column":4},"end":{"line":31,"column":null}},"9":{"start":{"line":30,"column":6},"end":{"line":30,"column":23}},"10":{"start":{"line":33,"column":4},"end":{"line":33,"column":43}},"11":{"start":{"line":34,"column":4},"end":{"line":36,"column":null}},"12":{"start":{"line":35,"column":6},"end":{"line":35,"column":23}},"13":{"start":{"line":38,"column":4},"end":{"line":38,"column":55}},"14":{"start":{"line":42,"column":4},"end":{"line":42,"column":97}},"15":{"start":{"line":43,"column":20},"end":{"line":43,"column":103}},"16":{"start":{"line":44,"column":20},"end":{"line":44,"column":70}},"17":{"start":{"line":45,"column":4},"end":{"line":45,"column":69}},"18":{"start":{"line":49,"column":18},"end":{"line":49,"column":157}},"19":{"start":{"line":50,"column":20},"end":{"line":50,"column":70}},"20":{"start":{"line":51,"column":4},"end":{"line":51,"column":69}},"21":{"start":{"line":55,"column":4},"end":{"line":55,"column":42}},"22":{"start":{"line":1,"column":0},"end":{"line":1,"column":13}}},"fnMap":{"0":{"name":"(anonymous_0)","decl":{"start":{"line":4,"column":2},"end":{"line":4,"column":14}},"loc":{"start":{"line":4,"column":30},"end":{"line":6,"column":3}}},"1":{"name":"(anonymous_1)","decl":{"start":{"line":8,"column":9},"end":{"line":8,"column":20}},"loc":{"start":{"line":8,"column":20},"end":{"line":10,"column":3}}},"2":{"name":"(anonymous_2)","decl":{"start":{"line":12,"column":9},"end":{"line":12,"column":27}},"loc":{"start":{"line":12,"column":27},"end":{"line":14,"column":3}}},"3":{"name":"(anonymous_3)","decl":{"start":{"line":16,"column":9},"end":{"line":16,"column":25}},"loc":{"start":{"line":16,"column":25},"end":{"line":18,"column":3}}},"4":{"name":"(anonymous_4)","decl":{"start":{"line":20,"column":9},"end":{"line":20,"column":26}},"loc":{"start":{"line":20,"column":26},"end":{"line":39,"column":3}}},"5":{"name":"(anonymous_5)","decl":{"start":{"line":41,"column":12},"end":{"line":41,"column":25}},"loc":{"start":{"line":41,"column":38},"end":{"line":46,"column":3}}},"6":{"name":"(anonymous_6)","decl":{"start":{"line":48,"column":12},"end":{"line":48,"column":31}},"loc":{"start":{"line":48,"column":31},"end":{"line":52,"column":3}}},"7":{"name":"(anonymous_7)","decl":{"start":{"line":54,"column":12},"end":{"line":54,"column":32}},"loc":{"start":{"line":54,"column":48},"end":{"line":56,"column":3}}}},"branchMap":{"0":{"loc":{"start":{"line":24,"column":4},"end":{"line":26,"column":null}},"type":"if","locations":[{"start":{"line":24,"column":4},"end":{"line":26,"column":null}},{"start":{"line":24,"column":4},"end":{"line":26,"column":null}}]},"1":{"loc":{"start":{"line":29,"column":4},"end":{"line":31,"column":null}},"type":"if","locations":[{"start":{"line":29,"column":4},"end":{"line":31,"column":null}},{"start":{"line":29,"column":4},"end":{"line":31,"column":null}}]},"2":{"loc":{"start":{"line":34,"column":4},"end":{"line":36,"column":null}},"type":"if","locations":[{"start":{"line":34,"column":4},"end":{"line":36,"column":null}},{"start":{"line":34,"column":4},"end":{"line":36,"column":null}}]},"3":{"loc":{"start":{"line":45,"column":50},"end":{"line":45,"column":60}},"type":"cond-expr","locations":[{"start":{"line":45,"column":50},"end":{"line":45,"column":60}},{"start":{"line":45,"column":63},"end":{"line":45,"column":65}}]},"4":{"loc":{"start":{"line":51,"column":50},"end":{"line":51,"column":60}},"type":"cond-expr","locations":[{"start":{"line":51,"column":50},"end":{"line":51,"column":60}},{"start":{"line":51,"column":63},"end":{"line":51,"column":65}}]}},"s":{"0":76,"1":128,"2":51,"3":5,"4":29,"5":29,"6":12,"7":17,"8":17,"9":1,"10":16,"11":16,"12":10,"13":6,"14":108,"15":108,"16":108,"17":108,"18":16,"19":16,"20":16,"21":124,"22":7},"f":{"0":76,"1":128,"2":51,"3":5,"4":29,"5":108,"6":16,"7":124},"b":{"0":[12,17],"1":[1,16],"2":[10,6],"3":[44,64],"4":[10,6]}}
,"/var/www/html/ocelotl_container/nodecfdi/credentials/src/PrivateKey.ts": {"path":"/var/www/html/ocelotl_container/nodecfdi/credentials/src/PrivateKey.ts","statementMap":{"0":{"start":{"line":1,"column":0},"end":{"line":1,"column":67}},"1":{"start":{"line":2,"column":0},"end":{"line":2,"column":53}},"2":{"start":{"line":3,"column":0},"end":{"line":3,"column":37}},"3":{"start":{"line":4,"column":0},"end":{"line":4,"column":51}},"4":{"start":{"line":5,"column":0},"end":{"line":5,"column":57}},"5":{"start":{"line":6,"column":0},"end":{"line":6,"column":46}},"6":{"start":{"line":7,"column":0},"end":{"line":7,"column":40}},"7":{"start":{"line":8,"column":0},"end":{"line":8,"column":61}},"8":{"start":{"line":20,"column":4},"end":{"line":22,"column":null}},"9":{"start":{"line":21,"column":6},"end":{"line":21,"column":46}},"10":{"start":{"line":23,"column":25},"end":{"line":23,"column":49}},"11":{"start":{"line":24,"column":14},"end":{"line":24,"column":46}},"12":{"start":{"line":25,"column":4},"end":{"line":28,"column":null}},"13":{"start":{"line":26,"column":26},"end":{"line":26,"column":43}},"14":{"start":{"line":27,"column":6},"end":{"line":27,"column":60}},"15":{"start":{"line":29,"column":4},"end":{"line":29,"column":22}},"16":{"start":{"line":30,"column":4},"end":{"line":30,"column":36}},"17":{"start":{"line":31,"column":4},"end":{"line":46,"column":7}},"18":{"start":{"line":32,"column":25},"end":{"line":32,"column":58}},"19":{"start":{"line":33,"column":26},"end":{"line":33,"column":36}},"20":{"start":{"line":34,"column":24},"end":{"line":34,"column":37}},"21":{"start":{"line":35,"column":21},"end":{"line":35,"column":46}},"22":{"start":{"line":36,"column":28},"end":{"line":36,"column":50}},"23":{"start":{"line":37,"column":44},"end":{"line":37,"column":46}},"24":{"start":{"line":38,"column":6},"end":{"line":44,"column":null}},"25":{"start":{"line":39,"column":22},"end":{"line":39,"column":74}},"26":{"start":{"line":40,"column":8},"end":{"line":40,"column":28}},"27":{"start":{"line":41,"column":8},"end":{"line":41,"column":36}},"28":{"start":{"line":42,"column":8},"end":{"line":42,"column":51}},"29":{"start":{"line":43,"column":8},"end":{"line":43,"column":47}},"30":{"start":{"line":45,"column":6},"end":{"line":45,"column":18}},"31":{"start":{"line":50,"column":4},"end":{"line":50,"column":77}},"32":{"start":{"line":54,"column":22},"end":{"line":54,"column":75}},"33":{"start":{"line":55,"column":31},"end":{"line":55,"column":50}},"34":{"start":{"line":56,"column":4},"end":{"line":56,"column":119}},"35":{"start":{"line":60,"column":4},"end":{"line":60,"column":23}},"36":{"start":{"line":64,"column":4},"end":{"line":64,"column":30}},"37":{"start":{"line":68,"column":4},"end":{"line":70,"column":null}},"38":{"start":{"line":69,"column":6},"end":{"line":69,"column":66}},"39":{"start":{"line":71,"column":4},"end":{"line":71,"column":29}},"40":{"start":{"line":75,"column":4},"end":{"line":88,"column":7}},"41":{"start":{"line":76,"column":6},"end":{"line":87,"column":null}},"42":{"start":{"line":77,"column":18},"end":{"line":77,"column":63}},"43":{"start":{"line":78,"column":8},"end":{"line":78,"column":29}},"44":{"start":{"line":79,"column":8},"end":{"line":79,"column":31}},"45":{"start":{"line":80,"column":26},"end":{"line":80,"column":36}},"46":{"start":{"line":81,"column":8},"end":{"line":83,"column":null}},"47":{"start":{"line":82,"column":10},"end":{"line":82,"column":63}},"48":{"start":{"line":84,"column":8},"end":{"line":84,"column":25}},"49":{"start":{"line":86,"column":8},"end":{"line":86,"column":61}},"50":{"start":{"line":92,"column":4},"end":{"line":92,"column":59}},"51":{"start":{"line":96,"column":19},"end":{"line":96,"column":59}},"52":{"start":{"line":97,"column":14},"end":{"line":97,"column":24}},"53":{"start":{"line":98,"column":4},"end":{"line":98,"column":31}},"54":{"start":{"line":99,"column":23},"end":{"line":99,"column":39}},"55":{"start":{"line":100,"column":4},"end":{"line":100,"column":65}},"56":{"start":{"line":104,"column":21},"end":{"line":104,"column":25}},"57":{"start":{"line":105,"column":16},"end":{"line":105,"column":18}},"58":{"start":{"line":106,"column":4},"end":{"line":110,"column":null}},"59":{"start":{"line":107,"column":6},"end":{"line":107,"column":65}},"60":{"start":{"line":109,"column":6},"end":{"line":109,"column":24}},"61":{"start":{"line":111,"column":4},"end":{"line":113,"column":null}},"62":{"start":{"line":112,"column":6},"end":{"line":112,"column":59}},"63":{"start":{"line":114,"column":4},"end":{"line":114,"column":30}},"64":{"start":{"line":13,"column":27},"end":{"line":13,"column":null}},"65":{"start":{"line":12,"column":0},"end":{"line":12,"column":13}}},"fnMap":{"0":{"name":"(anonymous_2)","decl":{"start":{"line":19,"column":2},"end":{"line":19,"column":14}},"loc":{"start":{"line":19,"column":48},"end":{"line":47,"column":3}}},"1":{"name":"(anonymous_3)","decl":{"start":{"line":31,"column":38},"end":{"line":31,"column":39}},"loc":{"start":{"line":31,"column":58},"end":{"line":46,"column":5}}},"2":{"name":"(anonymous_4)","decl":{"start":{"line":49,"column":9},"end":{"line":49,"column":15}},"loc":{"start":{"line":49,"column":61},"end":{"line":51,"column":3}}},"3":{"name":"(anonymous_5)","decl":{"start":{"line":53,"column":9},"end":{"line":53,"column":15}},"loc":{"start":{"line":53,"column":70},"end":{"line":57,"column":3}}},"4":{"name":"(anonymous_6)","decl":{"start":{"line":59,"column":9},"end":{"line":59,"column":12}},"loc":{"start":{"line":59,"column":12},"end":{"line":61,"column":3}}},"5":{"name":"(anonymous_7)","decl":{"start":{"line":63,"column":9},"end":{"line":63,"column":19}},"loc":{"start":{"line":63,"column":19},"end":{"line":65,"column":3}}},"6":{"name":"(anonymous_8)","decl":{"start":{"line":67,"column":9},"end":{"line":67,"column":18}},"loc":{"start":{"line":67,"column":18},"end":{"line":72,"column":3}}},"7":{"name":"(anonymous_9)","decl":{"start":{"line":74,"column":9},"end":{"line":74,"column":13}},"loc":{"start":{"line":74,"column":62},"end":{"line":89,"column":3}}},"8":{"name":"(anonymous_10)","decl":{"start":{"line":75,"column":33},"end":{"line":75,"column":34}},"loc":{"start":{"line":75,"column":53},"end":{"line":88,"column":5}}},"9":{"name":"(anonymous_11)","decl":{"start":{"line":91,"column":9},"end":{"line":91,"column":18}},"loc":{"start":{"line":91,"column":43},"end":{"line":93,"column":3}}},"10":{"name":"(anonymous_12)","decl":{"start":{"line":95,"column":9},"end":{"line":95,"column":32}},"loc":{"start":{"line":95,"column":52},"end":{"line":101,"column":3}}},"11":{"name":"(anonymous_13)","decl":{"start":{"line":103,"column":9},"end":{"line":103,"column":25}},"loc":{"start":{"line":103,"column":42},"end":{"line":115,"column":3}}}},"branchMap":{"0":{"loc":{"start":{"line":20,"column":4},"end":{"line":22,"column":null}},"type":"if","locations":[{"start":{"line":20,"column":4},"end":{"line":22,"column":null}},{"start":{"line":20,"column":4},"end":{"line":22,"column":null}}]},"1":{"loc":{"start":{"line":25,"column":4},"end":{"line":28,"column":null}},"type":"if","locations":[{"start":{"line":25,"column":4},"end":{"line":28,"column":null}},{"start":{"line":25,"column":4},"end":{"line":28,"column":null}}]},"2":{"loc":{"start":{"line":38,"column":6},"end":{"line":44,"column":null}},"type":"if","locations":[{"start":{"line":38,"column":6},"end":{"line":44,"column":null}},{"start":{"line":38,"column":6},"end":{"line":44,"column":null}}]},"3":{"loc":{"start":{"line":54,"column":36},"end":{"line":54,"column":59}},"type":"cond-expr","locations":[{"start":{"line":54,"column":36},"end":{"line":54,"column":59}},{"start":{"line":54,"column":62},"end":{"line":54,"column":75}}]},"4":{"loc":{"start":{"line":68,"column":4},"end":{"line":70,"column":null}},"type":"if","locations":[{"start":{"line":68,"column":4},"end":{"line":70,"column":null}},{"start":{"line":68,"column":4},"end":{"line":70,"column":null}}]},"5":{"loc":{"start":{"line":74,"column":40},"end":{"line":74,"column":62}},"type":"default-arg","locations":[{"start":{"line":74,"column":40},"end":{"line":74,"column":62}}]},"6":{"loc":{"start":{"line":81,"column":8},"end":{"line":83,"column":null}},"type":"if","locations":[{"start":{"line":81,"column":8},"end":{"line":83,"column":null}},{"start":{"line":81,"column":8},"end":{"line":83,"column":null}}]},"7":{"loc":{"start":{"line":111,"column":4},"end":{"line":113,"column":null}},"type":"if","locations":[{"start":{"line":111,"column":4},"end":{"line":113,"column":null}},{"start":{"line":111,"column":4},"end":{"line":113,"column":null}}]}},"s":{"0":4,"1":4,"2":4,"3":4,"4":4,"5":4,"6":4,"7":4,"8":20,"9":1,"10":19,"11":19,"12":19,"13":4,"14":4,"15":19,"16":19,"17":19,"18":16,"19":16,"20":16,"21":16,"22":16,"23":16,"24":16,"25":16,"26":16,"27":16,"28":16,"29":16,"30":16,"31":12,"32":4,"33":4,"34":4,"35":25,"36":23,"37":3,"38":2,"39":3,"40":3,"41":3,"42":3,"43":3,"44":3,"45":3,"46":3,"47":0,"48":3,"49":0,"50":7,"51":7,"52":7,"53":7,"54":7,"55":7,"56":22,"57":22,"58":22,"59":22,"60":3,"61":22,"62":3,"63":19,"64":4,"65":4},"f":{"0":20,"1":16,"2":12,"3":4,"4":25,"5":23,"6":3,"7":3,"8":3,"9":7,"10":7,"11":22},"b":{"0":[1,19],"1":[4,15],"2":[16,0],"3":[1,3],"4":[2,1],"5":[1],"6":[0,3],"7":[3,19]}}
,"/var/www/html/ocelotl_container/nodecfdi/credentials/src/PublicKey.ts": {"path":"/var/www/html/ocelotl_container/nodecfdi/credentials/src/PublicKey.ts","statementMap":{"0":{"start":{"line":1,"column":0},"end":{"line":1,"column":56}},"1":{"start":{"line":2,"column":0},"end":{"line":2,"column":37}},"2":{"start":{"line":3,"column":0},"end":{"line":3,"column":61}},"3":{"start":{"line":4,"column":0},"end":{"line":4,"column":51}},"4":{"start":{"line":5,"column":0},"end":{"line":5,"column":53}},"5":{"start":{"line":6,"column":0},"end":{"line":6,"column":57}},"6":{"start":{"line":13,"column":20},"end":{"line":24,"column":14}},"7":{"start":{"line":14,"column":18},"end":{"line":14,"column":40}},"8":{"start":{"line":15,"column":44},"end":{"line":15,"column":46}},"9":{"start":{"line":16,"column":6},"end":{"line":22,"column":null}},"10":{"start":{"line":17,"column":22},"end":{"line":17,"column":70}},"11":{"start":{"line":18,"column":8},"end":{"line":18,"column":28}},"12":{"start":{"line":19,"column":8},"end":{"line":19,"column":26}},"13":{"start":{"line":20,"column":8},"end":{"line":20,"column":47}},"14":{"start":{"line":21,"column":8},"end":{"line":21,"column":47}},"15":{"start":{"line":23,"column":6},"end":{"line":23,"column":18}},"16":{"start":{"line":25,"column":4},"end":{"line":25,"column":24}},"17":{"start":{"line":29,"column":4},"end":{"line":29,"column":64}},"18":{"start":{"line":33,"column":4},"end":{"line":39,"column":7}},"19":{"start":{"line":34,"column":6},"end":{"line":38,"column":null}},"20":{"start":{"line":35,"column":8},"end":{"line":35,"column":73}},"21":{"start":{"line":37,"column":8},"end":{"line":37,"column":54}},"22":{"start":{"line":48,"column":14},"end":{"line":48,"column":59}},"23":{"start":{"line":49,"column":4},"end":{"line":49,"column":24}},"24":{"start":{"line":50,"column":4},"end":{"line":50,"column":27}},"25":{"start":{"line":51,"column":4},"end":{"line":51,"column":33}},"26":{"start":{"line":55,"column":4},"end":{"line":55,"column":83}},"27":{"start":{"line":59,"column":17},"end":{"line":59,"column":21}},"28":{"start":{"line":60,"column":16},"end":{"line":60,"column":18}},"29":{"start":{"line":61,"column":4},"end":{"line":65,"column":null}},"30":{"start":{"line":62,"column":6},"end":{"line":62,"column":49}},"31":{"start":{"line":64,"column":6},"end":{"line":64,"column":24}},"32":{"start":{"line":66,"column":4},"end":{"line":68,"column":null}},"33":{"start":{"line":67,"column":6},"end":{"line":67,"column":58}},"34":{"start":{"line":69,"column":4},"end":{"line":69,"column":26}},"35":{"start":{"line":10,"column":27},"end":{"line":10,"column":null}},"36":{"start":{"line":9,"column":0},"end":{"line":9,"column":13}}},"fnMap":{"0":{"name":"(anonymous_2)","decl":{"start":{"line":12,"column":2},"end":{"line":12,"column":14}},"loc":{"start":{"line":12,"column":28},"end":{"line":26,"column":3}}},"1":{"name":"(anonymous_3)","decl":{"start":{"line":13,"column":58},"end":{"line":13,"column":59}},"loc":{"start":{"line":13,"column":74},"end":{"line":24,"column":5}}},"2":{"name":"(anonymous_4)","decl":{"start":{"line":28,"column":9},"end":{"line":28,"column":15}},"loc":{"start":{"line":28,"column":41},"end":{"line":30,"column":3}}},"3":{"name":"(anonymous_5)","decl":{"start":{"line":32,"column":9},"end":{"line":32,"column":15}},"loc":{"start":{"line":32,"column":83},"end":{"line":40,"column":3}}},"4":{"name":"(anonymous_6)","decl":{"start":{"line":33,"column":32},"end":{"line":33,"column":33}},"loc":{"start":{"line":33,"column":51},"end":{"line":39,"column":5}}},"5":{"name":"(anonymous_7)","decl":{"start":{"line":42,"column":12},"end":{"line":42,"column":25}},"loc":{"start":{"line":46,"column":38},"end":{"line":52,"column":3}}},"6":{"name":"(anonymous_8)","decl":{"start":{"line":54,"column":9},"end":{"line":54,"column":24}},"loc":{"start":{"line":54,"column":41},"end":{"line":56,"column":3}}},"7":{"name":"(anonymous_9)","decl":{"start":{"line":58,"column":10},"end":{"line":58,"column":16}},"loc":{"start":{"line":58,"column":88},"end":{"line":70,"column":3}}}},"branchMap":{"0":{"loc":{"start":{"line":16,"column":6},"end":{"line":22,"column":null}},"type":"if","locations":[{"start":{"line":16,"column":6},"end":{"line":22,"column":null}},{"start":{"line":16,"column":6},"end":{"line":22,"column":null}}]},"1":{"loc":{"start":{"line":32,"column":61},"end":{"line":32,"column":83}},"type":"default-arg","locations":[{"start":{"line":32,"column":61},"end":{"line":32,"column":83}}]},"2":{"loc":{"start":{"line":46,"column":16},"end":{"line":46,"column":38}},"type":"default-arg","locations":[{"start":{"line":46,"column":16},"end":{"line":46,"column":38}}]},"3":{"loc":{"start":{"line":66,"column":4},"end":{"line":68,"column":null}},"type":"if","locations":[{"start":{"line":66,"column":4},"end":{"line":68,"column":null}},{"start":{"line":66,"column":4},"end":{"line":68,"column":null}}]}},"s":{"0":6,"1":6,"2":6,"3":6,"4":6,"5":6,"6":9,"7":8,"8":8,"9":8,"10":8,"11":8,"12":8,"13":8,"14":8,"15":8,"16":8,"17":2,"18":5,"19":5,"20":5,"21":0,"22":5,"23":5,"24":5,"25":5,"26":5,"27":14,"28":14,"29":14,"30":14,"31":1,"32":14,"33":1,"34":13,"35":6,"36":6},"f":{"0":9,"1":8,"2":2,"3":5,"4":5,"5":5,"6":5,"7":14},"b":{"0":[8,0],"1":[2],"2":[0],"3":[1,13]}}
,"/var/www/html/ocelotl_container/nodecfdi/credentials/src/SerialNumber.ts": {"path":"/var/www/html/ocelotl_container/nodecfdi/credentials/src/SerialNumber.ts","statementMap":{"0":{"start":{"line":1,"column":0},"end":{"line":1,"column":71}},"1":{"start":{"line":3,"column":19},"end":{"line":12,"column":1}},"2":{"start":{"line":4,"column":18},"end":{"line":4,"column":47}},"3":{"start":{"line":5,"column":18},"end":{"line":5,"column":47}},"4":{"start":{"line":6,"column":2},"end":{"line":10,"column":null}},"5":{"start":{"line":7,"column":4},"end":{"line":7,"column":13}},"6":{"start":{"line":8,"column":9},"end":{"line":10,"column":null}},"7":{"start":{"line":9,"column":4},"end":{"line":9,"column":13}},"8":{"start":{"line":11,"column":2},"end":{"line":11,"column":12}},"9":{"start":{"line":14,"column":18},"end":{"line":26,"column":1}},"10":{"start":{"line":15,"column":2},"end":{"line":17,"column":null}},"11":{"start":{"line":16,"column":4},"end":{"line":16,"column":20}},"12":{"start":{"line":18,"column":2},"end":{"line":18,"column":15}},"13":{"start":{"line":19,"column":17},"end":{"line":19,"column":19}},"14":{"start":{"line":20,"column":12},"end":{"line":20,"column":13}},"15":{"start":{"line":21,"column":14},"end":{"line":21,"column":27}},"16":{"start":{"line":22,"column":2},"end":{"line":24,"column":null}},"17":{"start":{"line":23,"column":4},"end":{"line":23,"column":57}},"18":{"start":{"line":25,"column":2},"end":{"line":25,"column":16}},"19":{"start":{"line":28,"column":12},"end":{"line":34,"column":1}},"20":{"start":{"line":29,"column":2},"end":{"line":32,"column":null}},"21":{"start":{"line":30,"column":4},"end":{"line":30,"column":22}},"22":{"start":{"line":31,"column":4},"end":{"line":31,"column":83}},"23":{"start":{"line":33,"column":2},"end":{"line":33,"column":37}},"24":{"start":{"line":40,"column":4},"end":{"line":42,"column":null}},"25":{"start":{"line":41,"column":6},"end":{"line":41,"column":57}},"26":{"start":{"line":43,"column":4},"end":{"line":45,"column":null}},"27":{"start":{"line":44,"column":6},"end":{"line":44,"column":42}},"28":{"start":{"line":46,"column":4},"end":{"line":48,"column":null}},"29":{"start":{"line":47,"column":6},"end":{"line":47,"column":76}},"30":{"start":{"line":49,"column":4},"end":{"line":49,"column":36}},"31":{"start":{"line":53,"column":4},"end":{"line":53,"column":41}},"32":{"start":{"line":57,"column":24},"end":{"line":57,"column":79}},"33":{"start":{"line":58,"column":4},"end":{"line":58,"column":41}},"34":{"start":{"line":62,"column":24},"end":{"line":70,"column":15}},"35":{"start":{"line":64,"column":26},"end":{"line":64,"column":45}},"36":{"start":{"line":65,"column":8},"end":{"line":67,"column":null}},"37":{"start":{"line":66,"column":10},"end":{"line":66,"column":53}},"38":{"start":{"line":68,"column":8},"end":{"line":68,"column":59}},"39":{"start":{"line":71,"column":4},"end":{"line":71,"column":41}},"40":{"start":{"line":75,"column":4},"end":{"line":75,"column":29}},"41":{"start":{"line":79,"column":4},"end":{"line":85,"column":16}},"42":{"start":{"line":81,"column":25},"end":{"line":81,"column":57}},"43":{"start":{"line":82,"column":26},"end":{"line":82,"column":50}},"44":{"start":{"line":83,"column":8},"end":{"line":83,"column":32}},"45":{"start":{"line":89,"column":4},"end":{"line":89,"column":76}},"46":{"start":{"line":36,"column":0},"end":{"line":36,"column":13}}},"fnMap":{"0":{"name":"(anonymous_0)","decl":{"start":{"line":3,"column":19},"end":{"line":3,"column":20}},"loc":{"start":{"line":3,"column":58},"end":{"line":12,"column":1}}},"1":{"name":"(anonymous_1)","decl":{"start":{"line":14,"column":18},"end":{"line":14,"column":19}},"loc":{"start":{"line":14,"column":59},"end":{"line":26,"column":1}}},"2":{"name":"(anonymous_2)","decl":{"start":{"line":28,"column":12},"end":{"line":28,"column":13}},"loc":{"start":{"line":28,"column":31},"end":{"line":34,"column":1}}},"3":{"name":"(anonymous_3)","decl":{"start":{"line":39,"column":2},"end":{"line":39,"column":14}},"loc":{"start":{"line":39,"column":33},"end":{"line":50,"column":3}}},"4":{"name":"(anonymous_4)","decl":{"start":{"line":52,"column":9},"end":{"line":52,"column":15}},"loc":{"start":{"line":52,"column":57},"end":{"line":54,"column":3}}},"5":{"name":"(anonymous_5)","decl":{"start":{"line":56,"column":9},"end":{"line":56,"column":15}},"loc":{"start":{"line":56,"column":51},"end":{"line":59,"column":3}}},"6":{"name":"(anonymous_6)","decl":{"start":{"line":61,"column":9},"end":{"line":61,"column":15}},"loc":{"start":{"line":61,"column":45},"end":{"line":72,"column":3}}},"7":{"name":"(anonymous_7)","decl":{"start":{"line":63,"column":11},"end":{"line":63,"column":12}},"loc":{"start":{"line":63,"column":21},"end":{"line":69,"column":7}}},"8":{"name":"(anonymous_8)","decl":{"start":{"line":74,"column":9},"end":{"line":74,"column":20}},"loc":{"start":{"line":74,"column":20},"end":{"line":76,"column":3}}},"9":{"name":"(anonymous_9)","decl":{"start":{"line":78,"column":9},"end":{"line":78,"column":14}},"loc":{"start":{"line":78,"column":14},"end":{"line":86,"column":3}}},"10":{"name":"(anonymous_10)","decl":{"start":{"line":80,"column":11},"end":{"line":80,"column":12}},"loc":{"start":{"line":80,"column":29},"end":{"line":84,"column":7}}},"11":{"name":"(anonymous_11)","decl":{"start":{"line":88,"column":9},"end":{"line":88,"column":16}},"loc":{"start":{"line":88,"column":16},"end":{"line":90,"column":3}}}},"branchMap":{"0":{"loc":{"start":{"line":6,"column":2},"end":{"line":10,"column":null}},"type":"if","locations":[{"start":{"line":6,"column":2},"end":{"line":10,"column":null}},{"start":{"line":6,"column":2},"end":{"line":10,"column":null}}]},"1":{"loc":{"start":{"line":8,"column":9},"end":{"line":10,"column":null}},"type":"if","locations":[{"start":{"line":8,"column":9},"end":{"line":10,"column":null}},{"start":{"line":8,"column":9},"end":{"line":10,"column":null}}]},"2":{"loc":{"start":{"line":15,"column":2},"end":{"line":17,"column":null}},"type":"if","locations":[{"start":{"line":15,"column":2},"end":{"line":17,"column":null}},{"start":{"line":15,"column":2},"end":{"line":17,"column":null}}]},"3":{"loc":{"start":{"line":29,"column":2},"end":{"line":32,"column":null}},"type":"if","locations":[{"start":{"line":29,"column":2},"end":{"line":32,"column":null}},{"start":{"line":29,"column":2},"end":{"line":32,"column":null}}]},"4":{"loc":{"start":{"line":40,"column":4},"end":{"line":42,"column":null}},"type":"if","locations":[{"start":{"line":40,"column":4},"end":{"line":42,"column":null}},{"start":{"line":40,"column":4},"end":{"line":42,"column":null}}]},"5":{"loc":{"start":{"line":43,"column":4},"end":{"line":45,"column":null}},"type":"if","locations":[{"start":{"line":43,"column":4},"end":{"line":45,"column":null}},{"start":{"line":43,"column":4},"end":{"line":45,"column":null}}]},"6":{"loc":{"start":{"line":46,"column":4},"end":{"line":48,"column":null}},"type":"if","locations":[{"start":{"line":46,"column":4},"end":{"line":48,"column":null}},{"start":{"line":46,"column":4},"end":{"line":48,"column":null}}]},"7":{"loc":{"start":{"line":65,"column":8},"end":{"line":67,"column":null}},"type":"if","locations":[{"start":{"line":65,"column":8},"end":{"line":67,"column":null}},{"start":{"line":65,"column":8},"end":{"line":67,"column":null}}]}},"s":{"0":5,"1":5,"2":10,"3":10,"4":10,"5":0,"6":10,"7":4,"8":6,"9":5,"10":8,"11":0,"12":8,"13":8,"14":8,"15":8,"16":8,"17":160,"18":8,"19":5,"20":140,"21":0,"22":0,"23":140,"24":11,"25":1,"26":10,"27":4,"28":10,"29":2,"30":8,"31":9,"32":1,"33":1,"34":1,"35":20,"36":20,"37":0,"38":20,"39":1,"40":7,"41":7,"42":140,"43":140,"44":140,"45":3,"46":5},"f":{"0":10,"1":8,"2":140,"3":11,"4":9,"5":1,"6":1,"7":20,"8":7,"9":7,"10":140,"11":3},"b":{"0":[0,10],"1":[4,6],"2":[0,8],"3":[0,140],"4":[1,10],"5":[4,6],"6":[2,8],"7":[0,20]}}
,"/var/www/html/ocelotl_container/nodecfdi/credentials/src/internal/AlgorithmSignatureEnum.ts": {"path":"/var/www/html/ocelotl_container/nodecfdi/credentials/src/internal/AlgorithmSignatureEnum.ts","statementMap":{"0":{"start":{"line":1,"column":0},"end":{"line":1,"column":null}},"1":{"start":{"line":2,"column":2},"end":{"line":2,"column":null}},"2":{"start":{"line":3,"column":2},"end":{"line":3,"column":null}},"3":{"start":{"line":4,"column":2},"end":{"line":4,"column":null}},"4":{"start":{"line":5,"column":2},"end":{"line":5,"column":null}},"5":{"start":{"line":6,"column":2},"end":{"line":6,"column":null}},"6":{"start":{"line":7,"column":2},"end":{"line":7,"column":null}},"7":{"start":{"line":8,"column":2},"end":{"line":8,"column":null}},"8":{"start":{"line":9,"column":2},"end":{"line":9,"column":null}},"9":{"start":{"line":10,"column":2},"end":{"line":10,"column":null}},"10":{"start":{"line":11,"column":2},"end":{"line":11,"column":null}},"11":{"start":{"line":12,"column":2},"end":{"line":12,"column":null}},"12":{"start":{"line":13,"column":2},"end":{"line":13,"column":null}},"13":{"start":{"line":14,"column":2},"end":{"line":14,"column":null}},"14":{"start":{"line":15,"column":2},"end":{"line":15,"column":null}},"15":{"start":{"line":16,"column":2},"end":{"line":16,"column":null}},"16":{"start":{"line":17,"column":2},"end":{"line":17,"column":null}},"17":{"start":{"line":18,"column":2},"end":{"line":18,"column":null}},"18":{"start":{"line":19,"column":2},"end":{"line":19,"column":null}},"19":{"start":{"line":20,"column":2},"end":{"line":20,"column":null}},"20":{"start":{"line":21,"column":2},"end":{"line":21,"column":null}},"21":{"start":{"line":22,"column":2},"end":{"line":22,"column":null}},"22":{"start":{"line":23,"column":2},"end":{"line":23,"column":null}},"23":{"start":{"line":24,"column":2},"end":{"line":24,"column":null}},"24":{"start":{"line":25,"column":2},"end":{"line":25,"column":null}},"25":{"start":{"line":26,"column":2},"end":{"line":26,"column":null}}},"fnMap":{"0":{"name":"(anonymous_0)","decl":{"start":{"line":1,"column":0},"end":{"line":1,"column":12}},"loc":{"start":{"line":1,"column":20},"end":{"line":27,"column":1}}}},"branchMap":{"0":{"loc":{"start":{"line":1,"column":12},"end":{"line":1,"column":20}},"type":"binary-expr","locations":[{"start":{"line":1,"column":12},"end":{"line":1,"column":20}},{"start":{"line":1,"column":12},"end":{"line":1,"column":null}}]}},"s":{"0":6,"1":6,"2":6,"3":6,"4":6,"5":6,"6":6,"7":6,"8":6,"9":6,"10":6,"11":6,"12":6,"13":6,"14":6,"15":6,"16":6,"17":6,"18":6,"19":6,"20":6,"21":6,"22":6,"23":6,"24":6,"25":6},"f":{"0":6},"b":{"0":[6,6]}}
,"/var/www/html/ocelotl_container/nodecfdi/credentials/src/internal/DataMixin.ts": {"path":"/var/www/html/ocelotl_container/nodecfdi/credentials/src/internal/DataMixin.ts","statementMap":{"0":{"start":{"line":1,"column":0},"end":{"line":1,"column":33}},"1":{"start":{"line":7,"column":18},"end":{"line":7,"column":48}},"2":{"start":{"line":8,"column":4},"end":{"line":10,"column":null}},"3":{"start":{"line":9,"column":6},"end":{"line":9,"column":48}},"4":{"start":{"line":11,"column":4},"end":{"line":11,"column":24}},"5":{"start":{"line":15,"column":4},"end":{"line":15,"column":44}},"6":{"start":{"line":19,"column":18},"end":{"line":19,"column":44}},"7":{"start":{"line":20,"column":4},"end":{"line":22,"column":null}},"8":{"start":{"line":21,"column":6},"end":{"line":21,"column":39}},"9":{"start":{"line":23,"column":4},"end":{"line":23,"column":13}},"10":{"start":{"line":27,"column":17},"end":{"line":27,"column":39}},"11":{"start":{"line":28,"column":4},"end":{"line":30,"column":null}},"12":{"start":{"line":29,"column":6},"end":{"line":29,"column":16}},"13":{"start":{"line":31,"column":4},"end":{"line":31,"column":16}},"14":{"start":{"line":35,"column":17},"end":{"line":35,"column":39}},"15":{"start":{"line":36,"column":4},"end":{"line":38,"column":null}},"16":{"start":{"line":37,"column":6},"end":{"line":37,"column":16}},"17":{"start":{"line":39,"column":4},"end":{"line":39,"column":43}},"18":{"start":{"line":43,"column":4},"end":{"line":43,"column":64}},"19":{"start":{"line":3,"column":0},"end":{"line":3,"column":13}}},"fnMap":{"0":{"name":"(anonymous_0)","decl":{"start":{"line":6,"column":12},"end":{"line":6,"column":25}},"loc":{"start":{"line":6,"column":78},"end":{"line":12,"column":3}}},"1":{"name":"(anonymous_1)","decl":{"start":{"line":14,"column":12},"end":{"line":14,"column":25}},"loc":{"start":{"line":14,"column":37},"end":{"line":16,"column":3}}},"2":{"name":"(anonymous_2)","decl":{"start":{"line":18,"column":12},"end":{"line":18,"column":26}},"loc":{"start":{"line":18,"column":38},"end":{"line":24,"column":3}}},"3":{"name":"(anonymous_3)","decl":{"start":{"line":26,"column":12},"end":{"line":26,"column":24}},"loc":{"start":{"line":26,"column":36},"end":{"line":32,"column":3}}},"4":{"name":"(anonymous_4)","decl":{"start":{"line":34,"column":12},"end":{"line":34,"column":25}},"loc":{"start":{"line":34,"column":37},"end":{"line":40,"column":3}}},"5":{"name":"(anonymous_5)","decl":{"start":{"line":42,"column":12},"end":{"line":42,"column":27}},"loc":{"start":{"line":42,"column":39},"end":{"line":44,"column":3}}}},"branchMap":{"0":{"loc":{"start":{"line":7,"column":18},"end":{"line":7,"column":32}},"type":"binary-expr","locations":[{"start":{"line":7,"column":18},"end":{"line":7,"column":32}},{"start":{"line":7,"column":36},"end":{"line":7,"column":48}}]},"1":{"loc":{"start":{"line":8,"column":4},"end":{"line":10,"column":null}},"type":"if","locations":[{"start":{"line":8,"column":4},"end":{"line":10,"column":null}},{"start":{"line":8,"column":4},"end":{"line":10,"column":null}}]},"2":{"loc":{"start":{"line":20,"column":4},"end":{"line":22,"column":null}},"type":"if","locations":[{"start":{"line":20,"column":4},"end":{"line":22,"column":null}},{"start":{"line":20,"column":4},"end":{"line":22,"column":null}}]},"3":{"loc":{"start":{"line":27,"column":17},"end":{"line":27,"column":31}},"type":"binary-expr","locations":[{"start":{"line":27,"column":17},"end":{"line":27,"column":31}},{"start":{"line":27,"column":35},"end":{"line":27,"column":39}}]},"4":{"loc":{"start":{"line":28,"column":4},"end":{"line":30,"column":null}},"type":"if","locations":[{"start":{"line":28,"column":4},"end":{"line":30,"column":null}},{"start":{"line":28,"column":4},"end":{"line":30,"column":null}}]},"5":{"loc":{"start":{"line":35,"column":17},"end":{"line":35,"column":31}},"type":"binary-expr","locations":[{"start":{"line":35,"column":17},"end":{"line":35,"column":31}},{"start":{"line":35,"column":35},"end":{"line":35,"column":39}}]},"6":{"loc":{"start":{"line":36,"column":4},"end":{"line":38,"column":null}},"type":"if","locations":[{"start":{"line":36,"column":4},"end":{"line":38,"column":null}},{"start":{"line":36,"column":4},"end":{"line":38,"column":null}}]},"7":{"loc":{"start":{"line":36,"column":8},"end":{"line":36,"column":13}},"type":"binary-expr","locations":[{"start":{"line":36,"column":8},"end":{"line":36,"column":13}},{"start":{"line":36,"column":17},"end":{"line":36,"column":41}}]}},"s":{"0":8,"1":63,"2":63,"3":60,"4":3,"5":44,"6":19,"7":19,"8":17,"9":2,"10":3,"11":3,"12":2,"13":1,"14":59,"15":59,"16":3,"17":56,"18":5,"19":8},"f":{"0":63,"1":44,"2":19,"3":3,"4":59,"5":5},"b":{"0":[63,9],"1":[60,3],"2":[17,2],"3":[3,1],"4":[2,1],"5":[59,2],"6":[3,56],"7":[59,57]}}
,"/var/www/html/ocelotl_container/nodecfdi/credentials/src/internal/Key.ts": {"path":"/var/www/html/ocelotl_container/nodecfdi/credentials/src/internal/Key.ts","statementMap":{"0":{"start":{"line":1,"column":0},"end":{"line":1,"column":37}},"1":{"start":{"line":3,"column":0},"end":{"line":3,"column":40}},"2":{"start":{"line":4,"column":0},"end":{"line":4,"column":44}},"3":{"start":{"line":26,"column":4},"end":{"line":26,"column":21}},"4":{"start":{"line":30,"column":4},"end":{"line":30,"column":21}},"5":{"start":{"line":34,"column":4},"end":{"line":34,"column":37}},"6":{"start":{"line":38,"column":4},"end":{"line":38,"column":39}},"7":{"start":{"line":42,"column":4},"end":{"line":44,"column":null}},"8":{"start":{"line":43,"column":6},"end":{"line":43,"column":48}},"9":{"start":{"line":45,"column":4},"end":{"line":45,"column":24}},"10":{"start":{"line":49,"column":4},"end":{"line":49,"column":44}},"11":{"start":{"line":53,"column":4},"end":{"line":53,"column":30}},"12":{"start":{"line":57,"column":4},"end":{"line":57,"column":49}},"13":{"start":{"line":61,"column":4},"end":{"line":61,"column":49}},"14":{"start":{"line":65,"column":4},"end":{"line":65,"column":51}},"15":{"start":{"line":21,"column":18},"end":{"line":21,"column":null}},"16":{"start":{"line":20,"column":0},"end":{"line":20,"column":13}}},"fnMap":{"0":{"name":"(anonymous_2)","decl":{"start":{"line":25,"column":2},"end":{"line":25,"column":14}},"loc":{"start":{"line":25,"column":43},"end":{"line":27,"column":3}}},"1":{"name":"(anonymous_3)","decl":{"start":{"line":29,"column":9},"end":{"line":29,"column":15}},"loc":{"start":{"line":29,"column":15},"end":{"line":31,"column":3}}},"2":{"name":"(anonymous_4)","decl":{"start":{"line":33,"column":9},"end":{"line":33,"column":26}},"loc":{"start":{"line":33,"column":26},"end":{"line":35,"column":3}}},"3":{"name":"(anonymous_5)","decl":{"start":{"line":37,"column":9},"end":{"line":37,"column":21}},"loc":{"start":{"line":37,"column":21},"end":{"line":39,"column":3}}},"4":{"name":"(anonymous_6)","decl":{"start":{"line":41,"column":2},"end":{"line":41,"column":6}},"loc":{"start":{"line":41,"column":10},"end":{"line":46,"column":3}}},"5":{"name":"(anonymous_7)","decl":{"start":{"line":48,"column":9},"end":{"line":48,"column":17}},"loc":{"start":{"line":48,"column":17},"end":{"line":50,"column":3}}},"6":{"name":"(anonymous_8)","decl":{"start":{"line":52,"column":9},"end":{"line":52,"column":15}},"loc":{"start":{"line":52,"column":28},"end":{"line":54,"column":3}}},"7":{"name":"(anonymous_9)","decl":{"start":{"line":56,"column":9},"end":{"line":56,"column":14}},"loc":{"start":{"line":56,"column":14},"end":{"line":58,"column":3}}},"8":{"name":"(anonymous_10)","decl":{"start":{"line":60,"column":9},"end":{"line":60,"column":14}},"loc":{"start":{"line":60,"column":14},"end":{"line":62,"column":3}}},"9":{"name":"(anonymous_11)","decl":{"start":{"line":64,"column":9},"end":{"line":64,"column":16}},"loc":{"start":{"line":64,"column":16},"end":{"line":66,"column":3}}}},"branchMap":{"0":{"loc":{"start":{"line":42,"column":4},"end":{"line":44,"column":null}},"type":"if","locations":[{"start":{"line":42,"column":4},"end":{"line":44,"column":null}},{"start":{"line":42,"column":4},"end":{"line":44,"column":null}}]}},"s":{"0":7,"1":7,"2":7,"3":2,"4":1,"5":16,"6":9,"7":6,"8":5,"9":6,"10":2,"11":2,"12":2,"13":1,"14":1,"15":7,"16":7},"f":{"0":2,"1":1,"2":16,"3":9,"4":6,"5":2,"6":2,"7":2,"8":1,"9":1},"b":{"0":[5,1]}}
,"/var/www/html/ocelotl_container/nodecfdi/credentials/src/internal/KeyEnumType.ts": {"path":"/var/www/html/ocelotl_container/nodecfdi/credentials/src/internal/KeyEnumType.ts","statementMap":{"0":{"start":{"line":1,"column":0},"end":{"line":1,"column":null}},"1":{"start":{"line":2,"column":2},"end":{"line":2,"column":null}},"2":{"start":{"line":3,"column":2},"end":{"line":3,"column":null}},"3":{"start":{"line":4,"column":2},"end":{"line":4,"column":null}}},"fnMap":{"0":{"name":"(anonymous_0)","decl":{"start":{"line":1,"column":0},"end":{"line":1,"column":12}},"loc":{"start":{"line":1,"column":23},"end":{"line":5,"column":1}}}},"branchMap":{"0":{"loc":{"start":{"line":1,"column":12},"end":{"line":1,"column":23}},"type":"binary-expr","locations":[{"start":{"line":1,"column":12},"end":{"line":1,"column":23}},{"start":{"line":1,"column":12},"end":{"line":1,"column":null}}]}},"s":{"0":7,"1":7,"2":7,"3":7},"f":{"0":7},"b":{"0":[7,7]}}
,"/var/www/html/ocelotl_container/nodecfdi/credentials/src/internal/LocalFileOpen.ts": {"path":"/var/www/html/ocelotl_container/nodecfdi/credentials/src/internal/LocalFileOpen.ts","statementMap":{"0":{"start":{"line":1,"column":0},"end":{"line":1,"column":38}},"1":{"start":{"line":2,"column":0},"end":{"line":2,"column":34}},"2":{"start":{"line":6,"column":4},"end":{"line":8,"column":null}},"3":{"start":{"line":7,"column":6},"end":{"line":7,"column":36}},"4":{"start":{"line":10,"column":4},"end":{"line":12,"column":null}},"5":{"start":{"line":11,"column":6},"end":{"line":11,"column":51}},"6":{"start":{"line":13,"column":15},"end":{"line":13,"column":17}},"7":{"start":{"line":14,"column":4},"end":{"line":16,"column":18}},"8":{"start":{"line":15,"column":6},"end":{"line":15,"column":42}},"9":{"start":{"line":18,"column":4},"end":{"line":20,"column":null}},"10":{"start":{"line":19,"column":6},"end":{"line":19,"column":59}},"11":{"start":{"line":22,"column":21},"end":{"line":22,"column":39}},"12":{"start":{"line":23,"column":4},"end":{"line":25,"column":null}},"13":{"start":{"line":24,"column":6},"end":{"line":24,"column":47}},"14":{"start":{"line":26,"column":4},"end":{"line":26,"column":20}},"15":{"start":{"line":4,"column":0},"end":{"line":4,"column":13}}},"fnMap":{"0":{"name":"(anonymous_0)","decl":{"start":{"line":5,"column":2},"end":{"line":5,"column":8}},"loc":{"start":{"line":5,"column":39},"end":{"line":27,"column":3}}}},"branchMap":{"0":{"loc":{"start":{"line":6,"column":4},"end":{"line":8,"column":null}},"type":"if","locations":[{"start":{"line":6,"column":4},"end":{"line":8,"column":null}},{"start":{"line":6,"column":4},"end":{"line":8,"column":null}}]},"1":{"loc":{"start":{"line":10,"column":4},"end":{"line":12,"column":null}},"type":"if","locations":[{"start":{"line":10,"column":4},"end":{"line":12,"column":null}},{"start":{"line":10,"column":4},"end":{"line":12,"column":null}}]},"2":{"loc":{"start":{"line":15,"column":13},"end":{"line":15,"column":35}},"type":"binary-expr","locations":[{"start":{"line":15,"column":13},"end":{"line":15,"column":35}},{"start":{"line":15,"column":39},"end":{"line":15,"column":41}}]},"3":{"loc":{"start":{"line":18,"column":4},"end":{"line":20,"column":null}},"type":"if","locations":[{"start":{"line":18,"column":4},"end":{"line":20,"column":null}},{"start":{"line":18,"column":4},"end":{"line":20,"column":null}}]},"4":{"loc":{"start":{"line":23,"column":4},"end":{"line":25,"column":null}},"type":"if","locations":[{"start":{"line":23,"column":4},"end":{"line":25,"column":null}},{"start":{"line":23,"column":4},"end":{"line":25,"column":null}}]}},"s":{"0":7,"1":7,"2":25,"3":1,"4":25,"5":0,"6":25,"7":25,"8":25,"9":25,"10":1,"11":24,"12":23,"13":0,"14":23,"15":7},"f":{"0":25},"b":{"0":[1,24],"1":[0,25],"2":[25,0],"3":[1,24],"4":[0,23]}}
,"/var/www/html/ocelotl_container/nodecfdi/credentials/src/internal/SatTypeEnum.ts": {"path":"/var/www/html/ocelotl_container/nodecfdi/credentials/src/internal/SatTypeEnum.ts","statementMap":{"0":{"start":{"line":1,"column":0},"end":{"line":1,"column":null}},"1":{"start":{"line":2,"column":2},"end":{"line":2,"column":null}},"2":{"start":{"line":3,"column":2},"end":{"line":3,"column":null}}},"fnMap":{"0":{"name":"(anonymous_0)","decl":{"start":{"line":1,"column":0},"end":{"line":1,"column":12}},"loc":{"start":{"line":1,"column":23},"end":{"line":4,"column":1}}}},"branchMap":{"0":{"loc":{"start":{"line":1,"column":12},"end":{"line":1,"column":23}},"type":"binary-expr","locations":[{"start":{"line":1,"column":12},"end":{"line":1,"column":23}},{"start":{"line":1,"column":12},"end":{"line":1,"column":null}}]}},"s":{"0":4,"1":4,"2":4},"f":{"0":4},"b":{"0":[4,4]}}
,"/var/www/html/ocelotl_container/nodecfdi/credentials/tests/testcase.ts": {"path":"/var/www/html/ocelotl_container/nodecfdi/credentials/tests/testcase.ts","statementMap":{"0":{"start":{"line":1,"column":0},"end":{"line":1,"column":38}},"1":{"start":{"line":2,"column":0},"end":{"line":2,"column":28}},"2":{"start":{"line":6,"column":4},"end":{"line":6,"column":47}},"3":{"start":{"line":10,"column":4},"end":{"line":10,"column":53}},"4":{"start":{"line":4,"column":0},"end":{"line":4,"column":13}}},"fnMap":{"0":{"name":"(anonymous_0)","decl":{"start":{"line":5,"column":9},"end":{"line":5,"column":15}},"loc":{"start":{"line":5,"column":41},"end":{"line":7,"column":3}}},"1":{"name":"(anonymous_1)","decl":{"start":{"line":9,"column":9},"end":{"line":9,"column":15}},"loc":{"start":{"line":9,"column":45},"end":{"line":11,"column":3}}}},"branchMap":{},"s":{"0":8,"1":8,"2":61,"3":38,"4":8},"f":{"0":61,"1":38},"b":{}}
,"/var/www/html/ocelotl_container/nodecfdi/credentials/tests/unit/internals/DataSpecimen.ts": {"path":"/var/www/html/ocelotl_container/nodecfdi/credentials/tests/unit/internals/DataSpecimen.ts","statementMap":{"0":{"start":{"line":2,"column":0},"end":{"line":2,"column":60}},"1":{"start":{"line":6,"column":4},"end":{"line":6,"column":12}},"2":{"start":{"line":7,"column":4},"end":{"line":7,"column":21}},"3":{"start":{"line":11,"column":4},"end":{"line":11,"column":50}},"4":{"start":{"line":15,"column":4},"end":{"line":15,"column":36}},"5":{"start":{"line":19,"column":4},"end":{"line":19,"column":37}},"6":{"start":{"line":23,"column":4},"end":{"line":23,"column":35}},"7":{"start":{"line":27,"column":4},"end":{"line":27,"column":38}},"8":{"start":{"line":31,"column":4},"end":{"line":31,"column":36}},"9":{"start":{"line":4,"column":0},"end":{"line":4,"column":13}}},"fnMap":{"0":{"name":"(anonymous_0)","decl":{"start":{"line":5,"column":2},"end":{"line":5,"column":14}},"loc":{"start":{"line":5,"column":43},"end":{"line":8,"column":3}}},"1":{"name":"(anonymous_1)","decl":{"start":{"line":10,"column":9},"end":{"line":10,"column":22}},"loc":{"start":{"line":10,"column":75},"end":{"line":12,"column":3}}},"2":{"name":"(anonymous_2)","decl":{"start":{"line":14,"column":9},"end":{"line":14,"column":22}},"loc":{"start":{"line":14,"column":34},"end":{"line":16,"column":3}}},"3":{"name":"(anonymous_3)","decl":{"start":{"line":18,"column":9},"end":{"line":18,"column":23}},"loc":{"start":{"line":18,"column":35},"end":{"line":20,"column":3}}},"4":{"name":"(anonymous_4)","decl":{"start":{"line":22,"column":9},"end":{"line":22,"column":21}},"loc":{"start":{"line":22,"column":33},"end":{"line":24,"column":3}}},"5":{"name":"(anonymous_5)","decl":{"start":{"line":26,"column":9},"end":{"line":26,"column":24}},"loc":{"start":{"line":26,"column":36},"end":{"line":28,"column":3}}},"6":{"name":"(anonymous_6)","decl":{"start":{"line":30,"column":9},"end":{"line":30,"column":22}},"loc":{"start":{"line":30,"column":34},"end":{"line":32,"column":3}}}},"branchMap":{},"s":{"0":1,"1":1,"2":1,"3":15,"4":5,"5":10,"6":3,"7":5,"8":3,"9":1},"f":{"0":1,"1":15,"2":5,"3":10,"4":3,"5":5,"6":3},"b":{}}
,"/var/www/html/ocelotl_container/nodecfdi/credentials/tests/unit/internals/LocalFileOpenSpecimen.ts": {"path":"/var/www/html/ocelotl_container/nodecfdi/credentials/tests/unit/internals/LocalFileOpenSpecimen.ts","statementMap":{"0":{"start":{"line":1,"column":0},"end":{"line":1,"column":37}},"1":{"start":{"line":2,"column":0},"end":{"line":2,"column":68}},"2":{"start":{"line":9,"column":4},"end":{"line":9,"column":49}},"3":{"start":{"line":6,"column":22},"end":{"line":6,"column":null}},"4":{"start":{"line":5,"column":0},"end":{"line":5,"column":13}}},"fnMap":{"0":{"name":"(anonymous_2)","decl":{"start":{"line":8,"column":9},"end":{"line":8,"column":22}},"loc":{"start":{"line":8,"column":39},"end":{"line":10,"column":3}}}},"branchMap":{},"s":{"0":1,"1":1,"2":4,"3":1,"4":1},"f":{"0":4},"b":{}}
}
