TN:
SF:src/Certificate.ts
FN:30,(anonymous_2)
FN:50,(anonymous_3)
FN:51,(anonymous_4)
FN:52,(anonymous_5)
FN:55,(anonymous_6)
FN:60,(anonymous_7)
FN:67,(anonymous_8)
FN:71,(anonymous_9)
FN:75,(anonymous_10)
FN:77,(anonymous_11)
FN:81,(anonymous_12)
FN:85,(anonymous_13)
FN:89,(anonymous_14)
FN:93,(anonymous_15)
FN:101,(anonymous_16)
FN:105,(anonymous_17)
FN:109,(anonymous_18)
FN:113,(anonymous_19)
FN:117,(anonymous_20)
FN:121,(anonymous_21)
FN:129,(anonymous_22)
FN:133,(anonymous_23)
FN:137,(anonymous_24)
FN:141,(anonymous_25)
FN:145,(anonymous_26)
FN:153,(anonymous_27)
FN:161,(anonymous_28)
FN:171,(anonymous_29)
FNF:28
FNH:25
FNDA:24,(anonymous_2)
FNDA:51,(anonymous_3)
FNDA:215,(anonymous_4)
FNDA:215,(anonymous_5)
FNDA:48,(anonymous_6)
FNDA:22,(anonymous_7)
FNDA:7,(anonymous_8)
FNDA:8,(anonymous_9)
FNDA:0,(anonymous_10)
FNDA:0,(anonymous_11)
FNDA:0,(anonymous_12)
FNDA:1,(anonymous_13)
FNDA:1,(anonymous_14)
FNDA:6,(anonymous_15)
FNDA:50,(anonymous_16)
FNDA:50,(anonymous_17)
FNDA:1,(anonymous_18)
FNDA:1,(anonymous_19)
FNDA:1,(anonymous_20)
FNDA:4,(anonymous_21)
FNDA:7,(anonymous_22)
FNDA:7,(anonymous_23)
FNDA:6,(anonymous_24)
FNDA:6,(anonymous_25)
FNDA:4,(anonymous_26)
FNDA:6,(anonymous_27)
FNDA:5,(anonymous_28)
FNDA:3,(anonymous_29)
DA:1,4
DA:2,4
DA:3,4
DA:4,4
DA:5,4
DA:6,4
DA:7,4
DA:8,4
DA:9,4
DA:21,4
DA:22,4
DA:31,24
DA:32,1
DA:34,23
DA:35,23
DA:36,22
DA:38,23
DA:39,23
DA:40,23
DA:42,1
DA:44,22
DA:45,22
DA:46,22
DA:47,22
DA:51,51
DA:52,215
DA:54,51
DA:55,48
DA:57,3
DA:61,22
DA:62,22
DA:68,7
DA:72,8
DA:76,0
DA:77,0
DA:78,0
DA:82,0
DA:86,1
DA:90,1
DA:94,6
DA:102,50
DA:106,50
DA:110,1
DA:114,1
DA:118,1
DA:122,4
DA:123,3
DA:124,3
DA:126,4
DA:130,7
DA:134,7
DA:138,6
DA:142,6
DA:146,4
DA:148,3
DA:150,4
DA:155,6
DA:156,3
DA:158,3
DA:162,5
DA:163,1
DA:165,5
DA:172,3
DA:173,3
DA:175,0
DA:177,0
DA:178,0
DA:180,0
DA:182,0
LF:69
LH:60
BRDA:31,0,0,1
BRDA:31,0,1,23
BRDA:35,1,0,22
BRDA:35,1,1,1
BRDA:54,2,0,48
BRDA:54,2,1,3
BRDA:122,3,0,3
BRDA:122,3,1,1
BRDA:124,4,0,3
BRDA:124,4,1,0
BRDA:124,5,0,3
BRDA:124,5,1,3
BRDA:146,6,0,3
BRDA:146,6,1,1
BRDA:155,7,0,3
BRDA:155,7,1,3
BRDA:161,8,0,1
BRDA:162,9,0,1
BRDA:162,9,1,4
BRDA:166,10,0,5
BRDA:166,10,1,4
BRDA:172,11,0,3
BRDA:172,11,1,0
BRDA:175,12,0,0
BRDA:175,12,1,0
BRDA:177,13,0,0
BRDA:177,13,1,0
BRF:27
BRH:21
end_of_record
TN:
SF:src/Credential.ts
FN:10,(anonymous_0)
FN:18,(anonymous_1)
FN:24,(anonymous_2)
FN:30,(anonymous_3)
FN:34,(anonymous_4)
FN:38,(anonymous_5)
FN:42,(anonymous_6)
FN:46,(anonymous_7)
FN:50,(anonymous_8)
FN:54,(anonymous_9)
FN:58,(anonymous_10)
FNF:11
FNH:9
FNDA:5,(anonymous_0)
FNDA:1,(anonymous_1)
FNDA:2,(anonymous_2)
FNDA:6,(anonymous_3)
FNDA:2,(anonymous_4)
FNDA:0,(anonymous_5)
FNDA:0,(anonymous_6)
FNDA:3,(anonymous_7)
FNDA:1,(anonymous_8)
FNDA:1,(anonymous_9)
FNDA:1,(anonymous_10)
DA:1,1
DA:2,1
DA:3,1
DA:4,1
DA:6,1
DA:11,5
DA:12,1
DA:14,4
DA:15,4
DA:19,1
DA:20,1
DA:21,1
DA:25,2
DA:26,2
DA:27,2
DA:31,6
DA:35,2
DA:39,0
DA:43,0
DA:47,3
DA:51,1
DA:55,1
DA:59,1
LF:23
LH:21
BRDA:11,0,0,1
BRDA:11,0,1,4
BRDA:54,1,0,1
BRDA:58,2,0,1
BRF:4
BRH:4
end_of_record
TN:
SF:src/PemExtractor.ts
FN:4,(anonymous_0)
FN:8,(anonymous_1)
FN:12,(anonymous_2)
FN:16,(anonymous_3)
FN:20,(anonymous_4)
FN:41,(anonymous_5)
FN:48,(anonymous_6)
FN:54,(anonymous_7)
FNF:8
FNH:8
FNDA:76,(anonymous_0)
FNDA:128,(anonymous_1)
FNDA:51,(anonymous_2)
FNDA:5,(anonymous_3)
FNDA:29,(anonymous_4)
FNDA:108,(anonymous_5)
FNDA:16,(anonymous_6)
FNDA:124,(anonymous_7)
DA:1,7
DA:5,76
DA:9,128
DA:13,51
DA:17,5
DA:23,29
DA:24,29
DA:25,12
DA:28,17
DA:29,17
DA:30,1
DA:33,16
DA:34,16
DA:35,10
DA:38,6
DA:42,108
DA:43,108
DA:44,108
DA:45,108
DA:49,16
DA:50,16
DA:51,16
DA:55,124
LF:23
LH:23
BRDA:24,0,0,12
BRDA:24,0,1,17
BRDA:29,1,0,1
BRDA:29,1,1,16
BRDA:34,2,0,10
BRDA:34,2,1,6
BRDA:45,3,0,44
BRDA:45,3,1,64
BRDA:51,4,0,10
BRDA:51,4,1,6
BRF:10
BRH:10
end_of_record
TN:
SF:src/PrivateKey.ts
FN:19,(anonymous_2)
FN:31,(anonymous_3)
FN:49,(anonymous_4)
FN:53,(anonymous_5)
FN:59,(anonymous_6)
FN:63,(anonymous_7)
FN:67,(anonymous_8)
FN:74,(anonymous_9)
FN:75,(anonymous_10)
FN:91,(anonymous_11)
FN:95,(anonymous_12)
FN:103,(anonymous_13)
FNF:12
FNH:12
FNDA:20,(anonymous_2)
FNDA:16,(anonymous_3)
FNDA:12,(anonymous_4)
FNDA:4,(anonymous_5)
FNDA:25,(anonymous_6)
FNDA:23,(anonymous_7)
FNDA:3,(anonymous_8)
FNDA:3,(anonymous_9)
FNDA:3,(anonymous_10)
FNDA:7,(anonymous_11)
FNDA:7,(anonymous_12)
FNDA:22,(anonymous_13)
DA:1,4
DA:2,4
DA:3,4
DA:4,4
DA:5,4
DA:6,4
DA:7,4
DA:8,4
DA:12,4
DA:13,4
DA:20,20
DA:21,1
DA:23,19
DA:24,19
DA:25,19
DA:26,4
DA:27,4
DA:29,19
DA:30,19
DA:31,19
DA:32,16
DA:33,16
DA:34,16
DA:35,16
DA:36,16
DA:37,16
DA:38,16
DA:39,16
DA:40,16
DA:41,16
DA:42,16
DA:43,16
DA:45,16
DA:50,12
DA:54,4
DA:55,4
DA:56,4
DA:60,25
DA:64,23
DA:68,3
DA:69,2
DA:71,3
DA:75,3
DA:76,3
DA:77,3
DA:78,3
DA:79,3
DA:80,3
DA:81,3
DA:82,0
DA:84,3
DA:86,0
DA:92,7
DA:96,7
DA:97,7
DA:98,7
DA:99,7
DA:100,7
DA:104,22
DA:105,22
DA:106,22
DA:107,22
DA:109,3
DA:111,22
DA:112,3
DA:114,19
LF:66
LH:64
BRDA:20,0,0,1
BRDA:20,0,1,19
BRDA:25,1,0,4
BRDA:25,1,1,15
BRDA:38,2,0,16
BRDA:38,2,1,0
BRDA:54,3,0,1
BRDA:54,3,1,3
BRDA:68,4,0,2
BRDA:68,4,1,1
BRDA:74,5,0,1
BRDA:81,6,0,0
BRDA:81,6,1,3
BRDA:111,7,0,3
BRDA:111,7,1,19
BRF:15
BRH:13
end_of_record
TN:
SF:src/PublicKey.ts
FN:12,(anonymous_2)
FN:13,(anonymous_3)
FN:28,(anonymous_4)
FN:32,(anonymous_5)
FN:33,(anonymous_6)
FN:42,(anonymous_7)
FN:54,(anonymous_8)
FN:58,(anonymous_9)
FNF:8
FNH:8
FNDA:9,(anonymous_2)
FNDA:8,(anonymous_3)
FNDA:2,(anonymous_4)
FNDA:5,(anonymous_5)
FNDA:5,(anonymous_6)
FNDA:5,(anonymous_7)
FNDA:5,(anonymous_8)
FNDA:14,(anonymous_9)
DA:1,6
DA:2,6
DA:3,6
DA:4,6
DA:5,6
DA:6,6
DA:9,6
DA:10,6
DA:13,9
DA:14,8
DA:15,8
DA:16,8
DA:17,8
DA:18,8
DA:19,8
DA:20,8
DA:21,8
DA:23,8
DA:25,8
DA:29,2
DA:33,5
DA:34,5
DA:35,5
DA:37,0
DA:48,5
DA:49,5
DA:50,5
DA:51,5
DA:55,5
DA:59,14
DA:60,14
DA:61,14
DA:62,14
DA:64,1
DA:66,14
DA:67,1
DA:69,13
LF:37
LH:36
BRDA:16,0,0,8
BRDA:16,0,1,0
BRDA:32,1,0,2
BRDA:46,2,0,0
BRDA:66,3,0,1
BRDA:66,3,1,13
BRF:6
BRH:4
end_of_record
TN:
SF:src/SerialNumber.ts
FN:3,(anonymous_0)
FN:14,(anonymous_1)
FN:28,(anonymous_2)
FN:39,(anonymous_3)
FN:52,(anonymous_4)
FN:56,(anonymous_5)
FN:61,(anonymous_6)
FN:63,(anonymous_7)
FN:74,(anonymous_8)
FN:78,(anonymous_9)
FN:80,(anonymous_10)
FN:88,(anonymous_11)
FNF:12
FNH:12
FNDA:10,(anonymous_0)
FNDA:8,(anonymous_1)
FNDA:140,(anonymous_2)
FNDA:11,(anonymous_3)
FNDA:9,(anonymous_4)
FNDA:1,(anonymous_5)
FNDA:1,(anonymous_6)
FNDA:20,(anonymous_7)
FNDA:7,(anonymous_8)
FNDA:7,(anonymous_9)
FNDA:140,(anonymous_10)
FNDA:3,(anonymous_11)
DA:1,5
DA:3,5
DA:4,10
DA:5,10
DA:6,10
DA:7,0
DA:8,10
DA:9,4
DA:11,6
DA:14,5
DA:15,8
DA:16,0
DA:18,8
DA:19,8
DA:20,8
DA:21,8
DA:22,8
DA:23,160
DA:25,8
DA:28,5
DA:29,140
DA:30,0
DA:31,0
DA:33,140
DA:36,5
DA:40,11
DA:41,1
DA:43,10
DA:44,4
DA:46,10
DA:47,2
DA:49,8
DA:53,9
DA:57,1
DA:58,1
DA:62,1
DA:64,20
DA:65,20
DA:66,0
DA:68,20
DA:71,1
DA:75,7
DA:79,7
DA:81,140
DA:82,140
DA:83,140
DA:89,3
LF:47
LH:42
BRDA:6,0,0,0
BRDA:6,0,1,10
BRDA:8,1,0,4
BRDA:8,1,1,6
BRDA:15,2,0,0
BRDA:15,2,1,8
BRDA:29,3,0,0
BRDA:29,3,1,140
BRDA:40,4,0,1
BRDA:40,4,1,10
BRDA:43,5,0,4
BRDA:43,5,1,6
BRDA:46,6,0,2
BRDA:46,6,1,8
BRDA:65,7,0,0
BRDA:65,7,1,20
BRF:16
BRH:12
end_of_record
TN:
SF:src/internal/AlgorithmSignatureEnum.ts
FN:1,(anonymous_0)
FNF:1
FNH:1
FNDA:6,(anonymous_0)
DA:1,6
DA:2,6
DA:3,6
DA:4,6
DA:5,6
DA:6,6
DA:7,6
DA:8,6
DA:9,6
DA:10,6
DA:11,6
DA:12,6
DA:13,6
DA:14,6
DA:15,6
DA:16,6
DA:17,6
DA:18,6
DA:19,6
DA:20,6
DA:21,6
DA:22,6
DA:23,6
DA:24,6
DA:25,6
DA:26,6
LF:26
LH:26
BRDA:1,0,0,6
BRDA:1,0,1,6
BRF:2
BRH:2
end_of_record
TN:
SF:src/internal/DataMixin.ts
FN:6,(anonymous_0)
FN:14,(anonymous_1)
FN:18,(anonymous_2)
FN:26,(anonymous_3)
FN:34,(anonymous_4)
FN:42,(anonymous_5)
FNF:6
FNH:6
FNDA:63,(anonymous_0)
FNDA:44,(anonymous_1)
FNDA:19,(anonymous_2)
FNDA:3,(anonymous_3)
FNDA:59,(anonymous_4)
FNDA:5,(anonymous_5)
DA:1,8
DA:3,8
DA:7,63
DA:8,63
DA:9,60
DA:11,3
DA:15,44
DA:19,19
DA:20,19
DA:21,17
DA:23,2
DA:27,3
DA:28,3
DA:29,2
DA:31,1
DA:35,59
DA:36,59
DA:37,3
DA:39,56
DA:43,5
LF:20
LH:20
BRDA:7,0,0,63
BRDA:7,0,1,9
BRDA:8,1,0,60
BRDA:8,1,1,3
BRDA:20,2,0,17
BRDA:20,2,1,2
BRDA:27,3,0,3
BRDA:27,3,1,1
BRDA:28,4,0,2
BRDA:28,4,1,1
BRDA:35,5,0,59
BRDA:35,5,1,2
BRDA:36,6,0,3
BRDA:36,6,1,56
BRDA:36,7,0,59
BRDA:36,7,1,57
BRF:16
BRH:16
end_of_record
TN:
SF:src/internal/Key.ts
FN:25,(anonymous_2)
FN:29,(anonymous_3)
FN:33,(anonymous_4)
FN:37,(anonymous_5)
FN:41,(anonymous_6)
FN:48,(anonymous_7)
FN:52,(anonymous_8)
FN:56,(anonymous_9)
FN:60,(anonymous_10)
FN:64,(anonymous_11)
FNF:10
FNH:10
FNDA:2,(anonymous_2)
FNDA:1,(anonymous_3)
FNDA:16,(anonymous_4)
FNDA:9,(anonymous_5)
FNDA:6,(anonymous_6)
FNDA:2,(anonymous_7)
FNDA:2,(anonymous_8)
FNDA:2,(anonymous_9)
FNDA:1,(anonymous_10)
FNDA:1,(anonymous_11)
DA:1,7
DA:3,7
DA:4,7
DA:20,7
DA:21,7
DA:26,2
DA:30,1
DA:34,16
DA:38,9
DA:42,6
DA:43,5
DA:45,6
DA:49,2
DA:53,2
DA:57,2
DA:61,1
DA:65,1
LF:17
LH:17
BRDA:42,0,0,5
BRDA:42,0,1,1
BRF:2
BRH:2
end_of_record
TN:
SF:src/internal/KeyEnumType.ts
FN:1,(anonymous_0)
FNF:1
FNH:1
FNDA:7,(anonymous_0)
DA:1,7
DA:2,7
DA:3,7
DA:4,7
LF:4
LH:4
BRDA:1,0,0,7
BRDA:1,0,1,7
BRF:2
BRH:2
end_of_record
TN:
SF:src/internal/LocalFileOpen.ts
FN:5,(anonymous_0)
FNF:1
FNH:1
FNDA:25,(anonymous_0)
DA:1,7
DA:2,7
DA:4,7
DA:6,25
DA:7,1
DA:10,25
DA:11,0
DA:13,25
DA:14,25
DA:15,25
DA:18,25
DA:19,1
DA:22,24
DA:23,23
DA:24,0
DA:26,23
LF:16
LH:14
BRDA:6,0,0,1
BRDA:6,0,1,24
BRDA:10,1,0,0
BRDA:10,1,1,25
BRDA:15,2,0,25
BRDA:15,2,1,0
BRDA:18,3,0,1
BRDA:18,3,1,24
BRDA:23,4,0,0
BRDA:23,4,1,23
BRF:10
BRH:7
end_of_record
TN:
SF:src/internal/SatTypeEnum.ts
FN:1,(anonymous_0)
FNF:1
FNH:1
FNDA:4,(anonymous_0)
DA:1,4
DA:2,4
DA:3,4
LF:3
LH:3
BRDA:1,0,0,4
BRDA:1,0,1,4
BRF:2
BRH:2
end_of_record
TN:
SF:tests/testcase.ts
FN:5,(anonymous_0)
FN:9,(anonymous_1)
FNF:2
FNH:2
FNDA:61,(anonymous_0)
FNDA:38,(anonymous_1)
DA:1,8
DA:2,8
DA:4,8
DA:6,61
DA:10,38
LF:5
LH:5
BRF:0
BRH:0
end_of_record
TN:
SF:tests/unit/internals/DataSpecimen.ts
FN:5,(anonymous_0)
FN:10,(anonymous_1)
FN:14,(anonymous_2)
FN:18,(anonymous_3)
FN:22,(anonymous_4)
FN:26,(anonymous_5)
FN:30,(anonymous_6)
FNF:7
FNH:7
FNDA:1,(anonymous_0)
FNDA:15,(anonymous_1)
FNDA:5,(anonymous_2)
FNDA:10,(anonymous_3)
FNDA:3,(anonymous_4)
FNDA:5,(anonymous_5)
FNDA:3,(anonymous_6)
DA:2,1
DA:4,1
DA:6,1
DA:7,1
DA:11,15
DA:15,5
DA:19,10
DA:23,3
DA:27,5
DA:31,3
LF:10
LH:10
BRF:0
BRH:0
end_of_record
TN:
SF:tests/unit/internals/LocalFileOpenSpecimen.ts
FN:8,(anonymous_2)
FNF:1
FNH:1
FNDA:4,(anonymous_2)
DA:1,1
DA:2,1
DA:5,1
DA:6,1
DA:9,4
LF:5
LH:5
BRF:0
BRH:0
end_of_record
