TN:
SF:src/Certificate.ts
FN:31,(anonymous_2)
FN:52,(anonymous_3)
FN:53,(anonymous_4)
FN:54,(anonymous_5)
FN:57,(anonymous_6)
FN:62,(anonymous_7)
FN:69,(anonymous_8)
FN:73,(anonymous_9)
FN:77,(anonymous_10)
FN:81,(anonymous_11)
FN:85,(anonymous_12)
FN:89,(anonymous_13)
FN:93,(anonymous_14)
FN:97,(anonymous_15)
FN:101,(anonymous_16)
FN:105,(anonymous_17)
FN:109,(anonymous_18)
FN:113,(anonymous_19)
FN:117,(anonymous_20)
FN:121,(anonymous_21)
FN:129,(anonymous_22)
FN:133,(anonymous_23)
FN:137,(anonymous_24)
FN:141,(anonymous_25)
FN:145,(anonymous_26)
FN:149,(anonymous_27)
FN:153,(anonymous_28)
FN:161,(anonymous_29)
FN:169,(anonymous_30)
FN:179,(anonymous_31)
FNF:30
FNH:30
FNDA:28,(anonymous_2)
FNDA:59,(anonymous_3)
FNDA:247,(anonymous_4)
FNDA:247,(anonymous_5)
FNDA:56,(anonymous_6)
FNDA:26,(anonymous_7)
FNDA:7,(anonymous_8)
FNDA:8,(anonymous_9)
FNDA:1,(anonymous_10)
FNDA:2,(anonymous_11)
FNDA:2,(anonymous_12)
FNDA:6,(anonymous_13)
FNDA:1,(anonymous_14)
FNDA:58,(anonymous_15)
FNDA:58,(anonymous_16)
FNDA:1,(anonymous_17)
FNDA:1,(anonymous_18)
FNDA:1,(anonymous_19)
FNDA:1,(anonymous_20)
FNDA:4,(anonymous_21)
FNDA:7,(anonymous_22)
FNDA:7,(anonymous_23)
FNDA:6,(anonymous_24)
FNDA:6,(anonymous_25)
FNDA:1,(anonymous_26)
FNDA:1,(anonymous_27)
FNDA:4,(anonymous_28)
FNDA:6,(anonymous_29)
FNDA:5,(anonymous_30)
FNDA:3,(anonymous_31)
DA:1,4
DA:2,4
DA:3,4
DA:4,4
DA:5,4
DA:6,4
DA:7,4
DA:8,4
DA:9,4
DA:21,4
DA:22,4
DA:32,28
DA:33,1
DA:35,27
DA:36,27
DA:37,26
DA:39,27
DA:40,27
DA:41,27
DA:43,1
DA:45,26
DA:46,26
DA:47,26
DA:48,26
DA:49,26
DA:53,59
DA:54,247
DA:56,59
DA:57,56
DA:59,3
DA:63,26
DA:64,26
DA:70,7
DA:74,8
DA:78,1
DA:82,2
DA:86,2
DA:90,6
DA:94,1
DA:98,58
DA:102,58
DA:106,1
DA:110,1
DA:114,1
DA:118,1
DA:122,4
DA:123,3
DA:124,3
DA:126,4
DA:130,7
DA:134,7
DA:138,6
DA:142,6
DA:146,1
DA:150,1
DA:154,4
DA:156,3
DA:158,4
DA:163,6
DA:164,3
DA:166,3
DA:170,5
DA:171,1
DA:173,5
DA:180,3
DA:181,3
DA:183,0
DA:185,0
DA:186,0
DA:188,0
DA:190,0
LF:71
LH:66
BRDA:32,0,0,1
BRDA:32,0,1,27
BRDA:36,1,0,26
BRDA:36,1,1,1
BRDA:47,2,0,26
BRDA:47,2,1,0
BRDA:56,3,0,56
BRDA:56,3,1,3
BRDA:122,4,0,3
BRDA:122,4,1,1
BRDA:124,5,0,3
BRDA:124,5,1,0
BRDA:124,6,0,3
BRDA:124,6,1,3
BRDA:154,7,0,3
BRDA:154,7,1,1
BRDA:163,8,0,3
BRDA:163,8,1,3
BRDA:169,9,0,1
BRDA:170,10,0,1
BRDA:170,10,1,4
BRDA:174,11,0,5
BRDA:174,11,1,4
BRDA:180,12,0,3
BRDA:180,12,1,0
BRDA:183,13,0,0
BRDA:183,13,1,0
BRDA:185,14,0,0
BRDA:185,14,1,0
BRF:29
BRH:22
end_of_record
TN:
SF:src/Credential.ts
FN:10,(anonymous_0)
FN:18,(anonymous_1)
FN:24,(anonymous_2)
FN:30,(anonymous_3)
FN:34,(anonymous_4)
FN:38,(anonymous_5)
FN:42,(anonymous_6)
FN:46,(anonymous_7)
FN:50,(anonymous_8)
FN:54,(anonymous_9)
FN:58,(anonymous_10)
FNF:11
FNH:11
FNDA:5,(anonymous_0)
FNDA:1,(anonymous_1)
FNDA:2,(anonymous_2)
FNDA:8,(anonymous_3)
FNDA:2,(anonymous_4)
FNDA:1,(anonymous_5)
FNDA:1,(anonymous_6)
FNDA:3,(anonymous_7)
FNDA:1,(anonymous_8)
FNDA:1,(anonymous_9)
FNDA:1,(anonymous_10)
DA:1,1
DA:2,1
DA:3,1
DA:4,1
DA:6,1
DA:11,5
DA:12,1
DA:14,4
DA:15,4
DA:19,1
DA:20,1
DA:21,1
DA:25,2
DA:26,2
DA:27,2
DA:31,8
DA:35,2
DA:39,1
DA:43,1
DA:47,3
DA:51,1
DA:55,1
DA:59,1
LF:23
LH:23
BRDA:11,0,0,1
BRDA:11,0,1,4
BRDA:54,1,0,1
BRDA:58,2,0,1
BRF:4
BRH:4
end_of_record
TN:
SF:src/PemExtractor.ts
FN:4,(anonymous_0)
FN:8,(anonymous_1)
FN:12,(anonymous_2)
FN:16,(anonymous_3)
FN:20,(anonymous_4)
FN:41,(anonymous_5)
FN:48,(anonymous_6)
FN:54,(anonymous_7)
FNF:8
FNH:8
FNDA:84,(anonymous_0)
FNDA:136,(anonymous_1)
FNDA:59,(anonymous_2)
FNDA:5,(anonymous_3)
FNDA:29,(anonymous_4)
FNDA:116,(anonymous_5)
FNDA:16,(anonymous_6)
FNDA:132,(anonymous_7)
DA:1,7
DA:5,84
DA:9,136
DA:13,59
DA:17,5
DA:23,29
DA:24,29
DA:25,12
DA:28,17
DA:29,17
DA:30,1
DA:33,16
DA:34,16
DA:35,10
DA:38,6
DA:42,116
DA:43,116
DA:44,116
DA:45,116
DA:49,16
DA:50,16
DA:51,16
DA:55,132
LF:23
LH:23
BRDA:24,0,0,12
BRDA:24,0,1,17
BRDA:29,1,0,1
BRDA:29,1,1,16
BRDA:34,2,0,10
BRDA:34,2,1,6
BRDA:45,3,0,48
BRDA:45,3,1,68
BRDA:51,4,0,10
BRDA:51,4,1,6
BRF:10
BRH:10
end_of_record
TN:
SF:src/PrivateKey.ts
FN:19,(anonymous_2)
FN:31,(anonymous_3)
FN:57,(anonymous_4)
FN:61,(anonymous_5)
FN:67,(anonymous_6)
FN:71,(anonymous_7)
FN:75,(anonymous_8)
FN:82,(anonymous_9)
FN:83,(anonymous_10)
FN:99,(anonymous_11)
FN:103,(anonymous_12)
FN:111,(anonymous_13)
FNF:12
FNH:12
FNDA:20,(anonymous_2)
FNDA:16,(anonymous_3)
FNDA:12,(anonymous_4)
FNDA:4,(anonymous_5)
FNDA:25,(anonymous_6)
FNDA:23,(anonymous_7)
FNDA:3,(anonymous_8)
FNDA:3,(anonymous_9)
FNDA:3,(anonymous_10)
FNDA:7,(anonymous_11)
FNDA:7,(anonymous_12)
FNDA:22,(anonymous_13)
DA:1,4
DA:2,4
DA:3,4
DA:4,4
DA:5,4
DA:6,4
DA:7,4
DA:8,4
DA:12,4
DA:13,4
DA:20,20
DA:21,1
DA:23,19
DA:24,19
DA:25,19
DA:26,4
DA:27,4
DA:29,19
DA:30,19
DA:31,19
DA:32,16
DA:33,16
DA:34,16
DA:35,16
DA:36,16
DA:37,16
DA:38,16
DA:39,16
DA:40,16
DA:41,16
DA:42,16
DA:43,16
DA:44,0
DA:45,0
DA:46,0
DA:47,0
DA:48,0
DA:49,0
DA:51,0
DA:53,16
DA:58,12
DA:62,4
DA:63,4
DA:64,4
DA:68,25
DA:72,23
DA:76,3
DA:77,2
DA:79,3
DA:83,3
DA:84,3
DA:85,3
DA:86,3
DA:87,3
DA:88,3
DA:89,3
DA:90,0
DA:92,3
DA:94,0
DA:100,7
DA:104,7
DA:105,7
DA:106,7
DA:107,7
DA:108,7
DA:112,22
DA:113,22
DA:114,22
DA:115,22
DA:117,3
DA:119,22
DA:120,3
DA:122,19
LF:73
LH:64
BRDA:20,0,0,1
BRDA:20,0,1,19
BRDA:25,1,0,4
BRDA:25,1,1,15
BRDA:38,2,0,16
BRDA:38,2,1,0
BRDA:44,3,0,0
BRDA:44,3,1,0
BRDA:62,4,0,1
BRDA:62,4,1,3
BRDA:76,5,0,2
BRDA:76,5,1,1
BRDA:82,6,0,1
BRDA:89,7,0,0
BRDA:89,7,1,3
BRDA:119,8,0,3
BRDA:119,8,1,19
BRF:17
BRH:13
end_of_record
TN:
SF:src/PublicKey.ts
FN:12,(anonymous_2)
FN:13,(anonymous_3)
FN:36,(anonymous_4)
FN:40,(anonymous_5)
FN:41,(anonymous_6)
FN:50,(anonymous_7)
FN:62,(anonymous_8)
FN:66,(anonymous_9)
FNF:8
FNH:8
FNDA:9,(anonymous_2)
FNDA:8,(anonymous_3)
FNDA:2,(anonymous_4)
FNDA:5,(anonymous_5)
FNDA:5,(anonymous_6)
FNDA:5,(anonymous_7)
FNDA:5,(anonymous_8)
FNDA:14,(anonymous_9)
DA:1,6
DA:2,6
DA:3,6
DA:4,6
DA:5,6
DA:6,6
DA:9,6
DA:10,6
DA:13,9
DA:14,8
DA:15,8
DA:16,8
DA:17,8
DA:18,8
DA:19,8
DA:20,8
DA:21,8
DA:22,0
DA:23,0
DA:24,0
DA:25,0
DA:26,0
DA:27,0
DA:29,0
DA:31,8
DA:33,8
DA:37,2
DA:41,5
DA:42,5
DA:43,5
DA:45,0
DA:56,5
DA:57,5
DA:58,5
DA:59,5
DA:63,5
DA:67,14
DA:68,14
DA:69,14
DA:70,14
DA:72,1
DA:74,14
DA:75,1
DA:77,13
LF:44
LH:36
BRDA:16,0,0,8
BRDA:16,0,1,0
BRDA:22,1,0,0
BRDA:22,1,1,0
BRDA:40,2,0,2
BRDA:54,3,0,0
BRDA:74,4,0,1
BRDA:74,4,1,13
BRF:8
BRH:4
end_of_record
TN:
SF:src/SerialNumber.ts
FN:3,(anonymous_0)
FN:14,(anonymous_1)
FN:28,(anonymous_2)
FN:39,(anonymous_3)
FN:52,(anonymous_4)
FN:56,(anonymous_5)
FN:61,(anonymous_6)
FN:63,(anonymous_7)
FN:74,(anonymous_8)
FN:78,(anonymous_9)
FN:80,(anonymous_10)
FN:88,(anonymous_11)
FNF:12
FNH:12
FNDA:10,(anonymous_0)
FNDA:8,(anonymous_1)
FNDA:140,(anonymous_2)
FNDA:11,(anonymous_3)
FNDA:9,(anonymous_4)
FNDA:1,(anonymous_5)
FNDA:1,(anonymous_6)
FNDA:20,(anonymous_7)
FNDA:7,(anonymous_8)
FNDA:7,(anonymous_9)
FNDA:140,(anonymous_10)
FNDA:3,(anonymous_11)
DA:1,5
DA:3,5
DA:4,10
DA:5,10
DA:6,10
DA:7,0
DA:8,10
DA:9,4
DA:11,6
DA:14,5
DA:15,8
DA:16,0
DA:18,8
DA:19,8
DA:20,8
DA:21,8
DA:22,8
DA:23,160
DA:25,8
DA:28,5
DA:29,140
DA:30,0
DA:31,0
DA:33,140
DA:36,5
DA:40,11
DA:41,1
DA:43,10
DA:44,4
DA:46,10
DA:47,2
DA:49,8
DA:53,9
DA:57,1
DA:58,1
DA:62,1
DA:64,20
DA:65,20
DA:66,0
DA:68,20
DA:71,1
DA:75,7
DA:79,7
DA:81,140
DA:82,140
DA:83,140
DA:89,3
LF:47
LH:42
BRDA:6,0,0,0
BRDA:6,0,1,10
BRDA:8,1,0,4
BRDA:8,1,1,6
BRDA:15,2,0,0
BRDA:15,2,1,8
BRDA:29,3,0,0
BRDA:29,3,1,140
BRDA:40,4,0,1
BRDA:40,4,1,10
BRDA:43,5,0,4
BRDA:43,5,1,6
BRDA:46,6,0,2
BRDA:46,6,1,8
BRDA:65,7,0,0
BRDA:65,7,1,20
BRF:16
BRH:12
end_of_record
TN:
SF:src/internal/AlgorithmSignatureEnum.ts
FN:1,(anonymous_0)
FNF:1
FNH:1
FNDA:6,(anonymous_0)
DA:1,6
DA:2,6
DA:3,6
DA:4,6
DA:5,6
DA:6,6
DA:7,6
DA:8,6
DA:9,6
DA:10,6
DA:11,6
DA:12,6
DA:13,6
DA:14,6
DA:15,6
DA:16,6
DA:17,6
DA:18,6
DA:19,6
DA:20,6
DA:21,6
DA:22,6
DA:23,6
DA:24,6
DA:25,6
DA:26,6
LF:26
LH:26
BRDA:1,0,0,6
BRDA:1,0,1,6
BRF:2
BRH:2
end_of_record
TN:
SF:src/internal/DataMixin.ts
FN:6,(anonymous_0)
FN:14,(anonymous_1)
FN:18,(anonymous_2)
FN:26,(anonymous_3)
FN:34,(anonymous_4)
FN:42,(anonymous_5)
FNF:6
FNH:6
FNDA:63,(anonymous_0)
FNDA:44,(anonymous_1)
FNDA:19,(anonymous_2)
FNDA:4,(anonymous_3)
FNDA:68,(anonymous_4)
FNDA:5,(anonymous_5)
DA:1,8
DA:3,8
DA:7,63
DA:8,63
DA:9,60
DA:11,3
DA:15,44
DA:19,19
DA:20,19
DA:21,17
DA:23,2
DA:27,4
DA:28,4
DA:29,2
DA:31,2
DA:35,68
DA:36,68
DA:37,3
DA:39,65
DA:43,5
LF:20
LH:20
BRDA:7,0,0,63
BRDA:7,0,1,9
BRDA:8,1,0,60
BRDA:8,1,1,3
BRDA:20,2,0,17
BRDA:20,2,1,2
BRDA:27,3,0,4
BRDA:27,3,1,1
BRDA:28,4,0,2
BRDA:28,4,1,2
BRDA:35,5,0,68
BRDA:35,5,1,2
BRDA:36,6,0,3
BRDA:36,6,1,65
BRDA:36,7,0,68
BRDA:36,7,1,66
BRF:16
BRH:16
end_of_record
TN:
SF:src/internal/Key.ts
FN:32,(anonymous_2)
FN:36,(anonymous_3)
FN:40,(anonymous_4)
FN:44,(anonymous_5)
FN:48,(anonymous_6)
FN:55,(anonymous_7)
FN:59,(anonymous_8)
FN:63,(anonymous_9)
FN:67,(anonymous_10)
FN:71,(anonymous_11)
FNF:10
FNH:10
FNDA:2,(anonymous_2)
FNDA:1,(anonymous_3)
FNDA:16,(anonymous_4)
FNDA:9,(anonymous_5)
FNDA:6,(anonymous_6)
FNDA:2,(anonymous_7)
FNDA:2,(anonymous_8)
FNDA:2,(anonymous_9)
FNDA:1,(anonymous_10)
FNDA:1,(anonymous_11)
DA:1,7
DA:3,7
DA:4,7
DA:27,7
DA:28,7
DA:33,2
DA:37,1
DA:41,16
DA:45,9
DA:49,6
DA:50,5
DA:52,6
DA:56,2
DA:60,2
DA:64,2
DA:68,1
DA:72,1
LF:17
LH:17
BRDA:49,0,0,5
BRDA:49,0,1,1
BRF:2
BRH:2
end_of_record
TN:
SF:src/internal/KeyEnumType.ts
FN:1,(anonymous_0)
FNF:1
FNH:1
FNDA:7,(anonymous_0)
DA:1,7
DA:2,7
DA:3,7
DA:4,7
LF:4
LH:4
BRDA:1,0,0,7
BRDA:1,0,1,7
BRF:2
BRH:2
end_of_record
TN:
SF:src/internal/LocalFileOpen.ts
FN:5,(anonymous_0)
FNF:1
FNH:1
FNDA:25,(anonymous_0)
DA:1,7
DA:2,7
DA:4,7
DA:6,25
DA:7,1
DA:10,25
DA:11,0
DA:13,25
DA:14,25
DA:15,25
DA:18,25
DA:19,1
DA:22,24
DA:23,23
DA:24,0
DA:26,23
LF:16
LH:14
BRDA:6,0,0,1
BRDA:6,0,1,24
BRDA:10,1,0,0
BRDA:10,1,1,25
BRDA:15,2,0,25
BRDA:15,2,1,0
BRDA:18,3,0,1
BRDA:18,3,1,24
BRDA:23,4,0,0
BRDA:23,4,1,23
BRF:10
BRH:7
end_of_record
TN:
SF:src/internal/SatTypeEnum.ts
FN:1,(anonymous_0)
FNF:1
FNH:1
FNDA:4,(anonymous_0)
DA:1,4
DA:2,4
DA:3,4
LF:3
LH:3
BRDA:1,0,0,4
BRDA:1,0,1,4
BRF:2
BRH:2
end_of_record
TN:
SF:tests/testcase.ts
FN:5,(anonymous_0)
FN:9,(anonymous_1)
FNF:2
FNH:2
FNDA:65,(anonymous_0)
FNDA:42,(anonymous_1)
DA:1,8
DA:2,8
DA:4,8
DA:6,65
DA:10,42
LF:5
LH:5
BRF:0
BRH:0
end_of_record
TN:
SF:tests/unit/internals/DataSpecimen.ts
FN:5,(anonymous_0)
FN:10,(anonymous_1)
FN:14,(anonymous_2)
FN:18,(anonymous_3)
FN:22,(anonymous_4)
FN:26,(anonymous_5)
FN:30,(anonymous_6)
FNF:7
FNH:7
FNDA:1,(anonymous_0)
FNDA:15,(anonymous_1)
FNDA:5,(anonymous_2)
FNDA:10,(anonymous_3)
FNDA:3,(anonymous_4)
FNDA:5,(anonymous_5)
FNDA:3,(anonymous_6)
DA:2,1
DA:4,1
DA:6,1
DA:7,1
DA:11,15
DA:15,5
DA:19,10
DA:23,3
DA:27,5
DA:31,3
LF:10
LH:10
BRF:0
BRH:0
end_of_record
TN:
SF:tests/unit/internals/LocalFileOpenSpecimen.ts
FN:8,(anonymous_2)
FNF:1
FNH:1
FNDA:4,(anonymous_2)
DA:1,1
DA:2,1
DA:5,1
DA:6,1
DA:9,4
LF:5
LH:5
BRF:0
BRH:0
end_of_record
